2025-07-14 06:57:22,582 - fl_ids_core - INFO - Node enterprise_node_001: Added 2000 training samples
2025-07-14 06:57:22,582 - fl_ids_core - INFO - Registered node enterprise_node_001 with model type random_forest
2025-07-14 06:57:22,589 - fl_ids_core - INFO - Node enterprise_node_002: Added 2000 training samples
2025-07-14 06:57:22,589 - fl_ids_core - INFO - Registered node enterprise_node_002 with model type neural_network
2025-07-14 06:57:22,597 - fl_ids_core - INFO - Node enterprise_node_003: Added 2000 training samples
2025-07-14 06:57:22,597 - fl_ids_core - INFO - Registered node enterprise_node_003 with model type isolation_forest
2025-07-14 06:57:22,610 - fl_ids_core - INFO - Node enterprise_node_004: Added 2000 training samples
2025-07-14 06:57:22,610 - fl_ids_core - INFO - Registered node enterprise_node_004 with model type svm
2025-07-14 06:57:22,617 - fl_ids_core - INFO - Node enterprise_node_005: Added 2000 training samples
2025-07-14 06:57:22,618 - fl_ids_core - INFO - Registered node enterprise_node_005 with model type gradient_boosting
2025-07-14 06:57:22,618 - __main__ - INFO - FL-IDS system initialized successfully
2025-07-14 06:57:22,618 - fl_ids_core - INFO - Starting federated training round 1
2025-07-14 06:57:22,620 - __main__ - INFO - Starting FL-IDS Enterprise Backend on 0.0.0.0:5001
2025-07-14 06:57:22,858 - fl_ids_core - INFO - Node enterprise_node_001: Local training completed
2025-07-14 06:57:25,615 - fl_ids_core - INFO - Node enterprise_node_002: Local training completed
2025-07-14 06:57:25,831 - fl_ids_core - INFO - Node enterprise_node_003: Local training completed
2025-07-14 06:57:26,031 - fl_ids_core - INFO - Node enterprise_node_004: Local training completed
2025-07-14 06:57:26,134 - fl_ids_core - INFO - Node enterprise_node_005: Local training completed
2025-07-14 06:57:26,139 - fl_ids_core - INFO - Round 1 completed with 5 nodes
2025-07-14 06:57:26,140 - __main__ - INFO - FL Round 1 completed - Accuracy: 0.9280
2025-07-14 06:57:56,140 - fl_ids_core - INFO - Starting federated training round 2
2025-07-14 06:57:56,328 - fl_ids_core - INFO - Node enterprise_node_001: Local training completed
2025-07-14 06:57:59,406 - fl_ids_core - INFO - Node enterprise_node_002: Local training completed
2025-07-14 06:57:59,620 - fl_ids_core - INFO - Node enterprise_node_003: Local training completed
2025-07-14 06:57:59,774 - fl_ids_core - INFO - Node enterprise_node_004: Local training completed
2025-07-14 06:57:59,876 - fl_ids_core - INFO - Node enterprise_node_005: Local training completed
2025-07-14 06:57:59,882 - fl_ids_core - INFO - Round 2 completed with 5 nodes
2025-07-14 06:57:59,883 - __main__ - INFO - FL Round 2 completed - Accuracy: 0.9416
2025-07-14 06:58:29,904 - fl_ids_core - INFO - Starting federated training round 3
2025-07-14 06:58:30,805 - fl_ids_core - INFO - Node enterprise_node_001: Local training completed
2025-07-14 06:58:36,610 - fl_ids_core - INFO - Node enterprise_node_002: Local training completed
2025-07-14 06:58:37,111 - fl_ids_core - INFO - Node enterprise_node_003: Local training completed
2025-07-14 06:58:37,720 - fl_ids_core - INFO - Node enterprise_node_004: Local training completed
2025-07-14 06:58:38,226 - fl_ids_core - INFO - Node enterprise_node_005: Local training completed
2025-07-14 06:58:38,310 - fl_ids_core - INFO - Round 3 completed with 5 nodes
2025-07-14 06:58:38,314 - __main__ - INFO - FL Round 3 completed - Accuracy: 0.9589
2025-07-14 06:59:08,315 - fl_ids_core - INFO - Starting federated training round 4
2025-07-14 06:59:08,516 - fl_ids_core - INFO - Node enterprise_node_001: Local training completed
2025-07-14 06:59:10,716 - fl_ids_core - INFO - Node enterprise_node_002: Local training completed
2025-07-14 06:59:10,956 - fl_ids_core - INFO - Node enterprise_node_003: Local training completed
2025-07-14 06:59:11,098 - fl_ids_core - INFO - Node enterprise_node_004: Local training completed
2025-07-14 06:59:11,207 - fl_ids_core - INFO - Node enterprise_node_005: Local training completed
2025-07-14 06:59:11,213 - fl_ids_core - INFO - Round 4 completed with 5 nodes
2025-07-14 06:59:11,213 - __main__ - INFO - FL Round 4 completed - Accuracy: 0.8847
2025-07-14 06:59:43,071 - fl_ids_core - INFO - Node enterprise_node_001: Added 2000 training samples
2025-07-14 06:59:43,073 - fl_ids_core - INFO - Registered node enterprise_node_001 with model type random_forest
2025-07-14 06:59:43,081 - fl_ids_core - INFO - Node enterprise_node_002: Added 2000 training samples
2025-07-14 06:59:43,081 - fl_ids_core - INFO - Registered node enterprise_node_002 with model type neural_network
2025-07-14 06:59:43,104 - fl_ids_core - INFO - Node enterprise_node_003: Added 2000 training samples
2025-07-14 06:59:43,105 - fl_ids_core - INFO - Registered node enterprise_node_003 with model type isolation_forest
2025-07-14 06:59:43,113 - fl_ids_core - INFO - Node enterprise_node_004: Added 2000 training samples
2025-07-14 06:59:43,113 - fl_ids_core - INFO - Registered node enterprise_node_004 with model type svm
2025-07-14 06:59:43,120 - fl_ids_core - INFO - Node enterprise_node_005: Added 2000 training samples
2025-07-14 06:59:43,120 - fl_ids_core - INFO - Registered node enterprise_node_005 with model type gradient_boosting
2025-07-14 06:59:43,120 - __main__ - INFO - FL-IDS system initialized successfully
2025-07-14 06:59:43,121 - fl_ids_core - INFO - Starting federated training round 1
2025-07-14 06:59:43,123 - __main__ - INFO - Starting FL-IDS Enterprise Backend on 0.0.0.0:5001
2025-07-14 06:59:43,379 - fl_ids_core - INFO - Node enterprise_node_001: Local training completed
2025-07-14 06:59:45,225 - fl_ids_core - INFO - Node enterprise_node_002: Local training completed
2025-07-14 06:59:45,458 - fl_ids_core - INFO - Node enterprise_node_003: Local training completed
2025-07-14 06:59:45,582 - fl_ids_core - INFO - Node enterprise_node_004: Local training completed
2025-07-14 06:59:45,692 - fl_ids_core - INFO - Node enterprise_node_005: Local training completed
2025-07-14 06:59:45,697 - fl_ids_core - INFO - Round 1 completed with 5 nodes
2025-07-14 06:59:45,697 - __main__ - INFO - FL Round 1 completed - Accuracy: 0.9304
2025-07-14 07:00:15,697 - fl_ids_core - INFO - Starting federated training round 2
2025-07-14 07:00:16,415 - fl_ids_core - INFO - Node enterprise_node_001: Local training completed
2025-07-14 07:00:22,008 - fl_ids_core - INFO - Node enterprise_node_002: Local training completed
2025-07-14 07:00:22,225 - fl_ids_core - INFO - Node enterprise_node_003: Local training completed
2025-07-14 07:00:22,351 - fl_ids_core - INFO - Node enterprise_node_004: Local training completed
2025-07-14 07:00:22,467 - fl_ids_core - INFO - Node enterprise_node_005: Local training completed
2025-07-14 07:00:22,474 - fl_ids_core - INFO - Round 2 completed with 5 nodes
2025-07-14 07:00:22,475 - __main__ - INFO - FL Round 2 completed - Accuracy: 0.9180
2025-07-14 07:00:52,475 - fl_ids_core - INFO - Starting federated training round 3
2025-07-14 07:00:52,668 - fl_ids_core - INFO - Node enterprise_node_001: Local training completed
2025-07-14 07:00:55,113 - fl_ids_core - INFO - Node enterprise_node_002: Local training completed
2025-07-14 07:00:55,720 - fl_ids_core - INFO - Node enterprise_node_003: Local training completed
2025-07-14 07:00:56,305 - fl_ids_core - INFO - Node enterprise_node_004: Local training completed
2025-07-14 07:00:56,615 - fl_ids_core - INFO - Node enterprise_node_005: Local training completed
2025-07-14 07:00:56,621 - fl_ids_core - INFO - Round 3 completed with 5 nodes
2025-07-14 07:00:56,621 - __main__ - INFO - FL Round 3 completed - Accuracy: 0.8846
2025-07-14 07:01:26,622 - fl_ids_core - INFO - Starting federated training round 4
2025-07-14 07:01:27,347 - fl_ids_core - INFO - Node enterprise_node_001: Local training completed
2025-07-14 07:01:34,526 - fl_ids_core - INFO - Node enterprise_node_002: Local training completed
2025-07-14 07:01:35,004 - fl_ids_core - INFO - Node enterprise_node_003: Local training completed
2025-07-14 07:01:35,410 - fl_ids_core - INFO - Node enterprise_node_004: Local training completed
2025-07-14 07:01:35,739 - fl_ids_core - INFO - Node enterprise_node_005: Local training completed
2025-07-14 07:01:35,811 - fl_ids_core - INFO - Round 4 completed with 5 nodes
2025-07-14 07:01:35,812 - __main__ - INFO - FL Round 4 completed - Accuracy: 0.9570
2025-07-14 07:02:05,815 - fl_ids_core - INFO - Starting federated training round 5
2025-07-14 07:02:06,428 - fl_ids_core - INFO - Node enterprise_node_001: Local training completed
2025-07-14 07:02:08,808 - fl_ids_core - INFO - Node enterprise_node_002: Local training completed
2025-07-14 07:02:09,011 - fl_ids_core - INFO - Node enterprise_node_003: Local training completed
2025-07-14 07:02:09,135 - fl_ids_core - INFO - Node enterprise_node_004: Local training completed
2025-07-14 07:02:09,241 - fl_ids_core - INFO - Node enterprise_node_005: Local training completed
2025-07-14 07:02:09,246 - fl_ids_core - INFO - Round 5 completed with 5 nodes
2025-07-14 07:02:09,247 - __main__ - INFO - FL Round 5 completed - Accuracy: 0.9281
2025-07-14 07:02:39,247 - fl_ids_core - INFO - Starting federated training round 6
2025-07-14 07:02:39,750 - fl_ids_core - INFO - Node enterprise_node_001: Local training completed
2025-07-14 07:02:43,917 - fl_ids_core - INFO - Node enterprise_node_002: Local training completed
2025-07-14 07:02:44,128 - fl_ids_core - INFO - Node enterprise_node_003: Local training completed
2025-07-14 07:02:44,255 - fl_ids_core - INFO - Node enterprise_node_004: Local training completed
2025-07-14 07:02:44,374 - fl_ids_core - INFO - Node enterprise_node_005: Local training completed
2025-07-14 07:02:44,379 - fl_ids_core - INFO - Round 6 completed with 5 nodes
2025-07-14 07:02:44,380 - __main__ - INFO - FL Round 6 completed - Accuracy: 0.9341
2025-07-14 07:03:14,404 - fl_ids_core - INFO - Starting federated training round 7
2025-07-14 07:03:15,043 - fl_ids_core - INFO - Node enterprise_node_001: Local training completed
2025-07-14 07:03:19,604 - fl_ids_core - INFO - Node enterprise_node_002: Local training completed
2025-07-14 07:03:19,817 - fl_ids_core - INFO - Node enterprise_node_003: Local training completed
2025-07-14 07:03:19,960 - fl_ids_core - INFO - Node enterprise_node_004: Local training completed
2025-07-14 07:03:20,078 - fl_ids_core - INFO - Node enterprise_node_005: Local training completed
2025-07-14 07:03:20,084 - fl_ids_core - INFO - Round 7 completed with 5 nodes
2025-07-14 07:03:20,084 - __main__ - INFO - FL Round 7 completed - Accuracy: 0.8983
2025-07-14 07:03:50,085 - fl_ids_core - INFO - Starting federated training round 8
2025-07-14 07:03:50,276 - fl_ids_core - INFO - Node enterprise_node_001: Local training completed
2025-07-14 07:03:52,608 - fl_ids_core - INFO - Node enterprise_node_002: Local training completed
2025-07-14 07:03:52,913 - fl_ids_core - INFO - Node enterprise_node_003: Local training completed
2025-07-14 07:03:53,230 - fl_ids_core - INFO - Node enterprise_node_004: Local training completed
2025-07-14 07:03:53,417 - fl_ids_core - INFO - Node enterprise_node_005: Local training completed
2025-07-14 07:03:53,422 - fl_ids_core - INFO - Round 8 completed with 5 nodes
2025-07-14 07:03:53,422 - __main__ - INFO - FL Round 8 completed - Accuracy: 0.9585
2025-07-14 07:03:59,815 - fl_ids_core - INFO - Node enterprise_node_001: Added 2000 training samples
2025-07-14 07:03:59,815 - fl_ids_core - INFO - Registered node enterprise_node_001 with model type random_forest
2025-07-14 07:03:59,822 - fl_ids_core - INFO - Node enterprise_node_002: Added 2000 training samples
2025-07-14 07:03:59,823 - fl_ids_core - INFO - Registered node enterprise_node_002 with model type neural_network
2025-07-14 07:03:59,829 - fl_ids_core - INFO - Node enterprise_node_003: Added 2000 training samples
2025-07-14 07:03:59,829 - fl_ids_core - INFO - Registered node enterprise_node_003 with model type isolation_forest
2025-07-14 07:03:59,837 - fl_ids_core - INFO - Node enterprise_node_004: Added 2000 training samples
2025-07-14 07:03:59,837 - fl_ids_core - INFO - Registered node enterprise_node_004 with model type svm
2025-07-14 07:03:59,846 - fl_ids_core - INFO - Node enterprise_node_005: Added 2000 training samples
2025-07-14 07:03:59,846 - fl_ids_core - INFO - Registered node enterprise_node_005 with model type gradient_boosting
2025-07-14 07:03:59,846 - __main__ - INFO - FL-IDS system initialized successfully
2025-07-14 07:03:59,846 - fl_ids_core - INFO - Starting federated training round 1
2025-07-14 07:03:59,851 - __main__ - INFO - Starting FL-IDS Enterprise Backend on 0.0.0.0:5001
2025-07-14 07:04:00,107 - fl_ids_core - INFO - Node enterprise_node_001: Local training completed
2025-07-14 07:04:01,717 - fl_ids_core - INFO - Node enterprise_node_002: Local training completed
2025-07-14 07:04:01,919 - fl_ids_core - INFO - Node enterprise_node_003: Local training completed
2025-07-14 07:04:02,045 - fl_ids_core - INFO - Node enterprise_node_004: Local training completed
2025-07-14 07:04:02,148 - fl_ids_core - INFO - Node enterprise_node_005: Local training completed
2025-07-14 07:04:02,153 - fl_ids_core - INFO - Round 1 completed with 5 nodes
2025-07-14 07:04:02,154 - __main__ - INFO - FL Round 1 completed - Accuracy: 0.9031
2025-07-14 07:04:23,422 - fl_ids_core - INFO - Starting federated training round 9
2025-07-14 07:04:23,601 - fl_ids_core - INFO - Node enterprise_node_001: Local training completed
2025-07-14 07:04:26,104 - fl_ids_core - INFO - Node enterprise_node_002: Local training completed
2025-07-14 07:04:26,297 - fl_ids_core - INFO - Node enterprise_node_003: Local training completed
2025-07-14 07:04:26,429 - fl_ids_core - INFO - Node enterprise_node_004: Local training completed
2025-07-14 07:04:26,543 - fl_ids_core - INFO - Node enterprise_node_005: Local training completed
2025-07-14 07:04:26,548 - fl_ids_core - INFO - Round 9 completed with 5 nodes
2025-07-14 07:04:26,548 - __main__ - INFO - FL Round 9 completed - Accuracy: 0.9424
2025-07-14 07:04:32,154 - fl_ids_core - INFO - Starting federated training round 2
2025-07-14 07:04:32,376 - fl_ids_core - INFO - Node enterprise_node_001: Local training completed
2025-07-14 07:04:34,412 - fl_ids_core - INFO - Node enterprise_node_002: Local training completed
2025-07-14 07:04:34,618 - fl_ids_core - INFO - Node enterprise_node_003: Local training completed
2025-07-14 07:04:34,746 - fl_ids_core - INFO - Node enterprise_node_004: Local training completed
2025-07-14 07:04:34,858 - fl_ids_core - INFO - Node enterprise_node_005: Local training completed
2025-07-14 07:04:34,862 - fl_ids_core - INFO - Round 2 completed with 5 nodes
2025-07-14 07:04:34,863 - __main__ - INFO - FL Round 2 completed - Accuracy: 0.9531
2025-07-14 07:04:56,548 - fl_ids_core - INFO - Starting federated training round 10
2025-07-14 07:04:56,754 - fl_ids_core - INFO - Node enterprise_node_001: Local training completed
2025-07-14 07:05:00,109 - fl_ids_core - INFO - Node enterprise_node_002: Local training completed
2025-07-14 07:05:00,298 - fl_ids_core - INFO - Node enterprise_node_003: Local training completed
2025-07-14 07:05:00,461 - fl_ids_core - INFO - Node enterprise_node_004: Local training completed
2025-07-14 07:05:00,576 - fl_ids_core - INFO - Node enterprise_node_005: Local training completed
2025-07-14 07:05:00,582 - fl_ids_core - INFO - Round 10 completed with 5 nodes
2025-07-14 07:05:00,582 - __main__ - INFO - FL Round 10 completed - Accuracy: 0.9339
2025-07-14 07:05:04,863 - fl_ids_core - INFO - Starting federated training round 3
2025-07-14 07:05:05,068 - fl_ids_core - INFO - Node enterprise_node_001: Local training completed
2025-07-14 07:05:10,619 - fl_ids_core - INFO - Node enterprise_node_002: Local training completed
2025-07-14 07:05:10,841 - fl_ids_core - INFO - Node enterprise_node_003: Local training completed
2025-07-14 07:05:10,968 - fl_ids_core - INFO - Node enterprise_node_004: Local training completed
2025-07-14 07:05:11,080 - fl_ids_core - INFO - Node enterprise_node_005: Local training completed
2025-07-14 07:05:11,085 - fl_ids_core - INFO - Round 3 completed with 5 nodes
2025-07-14 07:05:11,085 - __main__ - INFO - FL Round 3 completed - Accuracy: 0.9502
2025-07-14 07:05:30,582 - fl_ids_core - INFO - Starting federated training round 11
2025-07-14 07:05:30,777 - fl_ids_core - INFO - Node enterprise_node_001: Local training completed
2025-07-14 07:05:33,222 - fl_ids_core - INFO - Node enterprise_node_002: Local training completed
2025-07-14 07:05:33,456 - fl_ids_core - INFO - Node enterprise_node_003: Local training completed
2025-07-14 07:05:33,588 - fl_ids_core - INFO - Node enterprise_node_004: Local training completed
2025-07-14 07:05:33,701 - fl_ids_core - INFO - Node enterprise_node_005: Local training completed
2025-07-14 07:05:33,706 - fl_ids_core - INFO - Round 11 completed with 5 nodes
2025-07-14 07:05:33,707 - __main__ - INFO - FL Round 11 completed - Accuracy: 0.9066
2025-07-14 07:05:41,086 - fl_ids_core - INFO - Starting federated training round 4
2025-07-14 07:05:41,287 - fl_ids_core - INFO - Node enterprise_node_001: Local training completed
2025-07-14 07:05:42,705 - fl_ids_core - INFO - Node enterprise_node_002: Local training completed
2025-07-14 07:05:42,965 - fl_ids_core - INFO - Node enterprise_node_003: Local training completed
2025-07-14 07:05:43,096 - fl_ids_core - INFO - Node enterprise_node_004: Local training completed
2025-07-14 07:05:43,195 - fl_ids_core - INFO - Node enterprise_node_005: Local training completed
2025-07-14 07:05:43,207 - fl_ids_core - INFO - Round 4 completed with 5 nodes
2025-07-14 07:05:43,207 - __main__ - INFO - FL Round 4 completed - Accuracy: 0.8925
2025-07-14 07:06:03,707 - fl_ids_core - INFO - Starting federated training round 12
2025-07-14 07:06:03,903 - fl_ids_core - INFO - Node enterprise_node_001: Local training completed
2025-07-14 07:06:05,904 - fl_ids_core - INFO - Node enterprise_node_002: Local training completed
2025-07-14 07:06:06,111 - fl_ids_core - INFO - Node enterprise_node_003: Local training completed
2025-07-14 07:06:06,244 - fl_ids_core - INFO - Node enterprise_node_004: Local training completed
2025-07-14 07:06:06,362 - fl_ids_core - INFO - Node enterprise_node_005: Local training completed
2025-07-14 07:06:06,369 - fl_ids_core - INFO - Round 12 completed with 5 nodes
2025-07-14 07:06:06,369 - __main__ - INFO - FL Round 12 completed - Accuracy: 0.9091
2025-07-14 07:06:13,208 - fl_ids_core - INFO - Starting federated training round 5
2025-07-14 07:06:13,423 - fl_ids_core - INFO - Node enterprise_node_001: Local training completed
2025-07-14 07:06:17,231 - fl_ids_core - INFO - Node enterprise_node_002: Local training completed
2025-07-14 07:06:17,460 - fl_ids_core - INFO - Node enterprise_node_003: Local training completed
2025-07-14 07:06:17,627 - fl_ids_core - INFO - Node enterprise_node_004: Local training completed
2025-07-14 07:06:17,759 - fl_ids_core - INFO - Node enterprise_node_005: Local training completed
2025-07-14 07:06:17,765 - fl_ids_core - INFO - Round 5 completed with 5 nodes
2025-07-14 07:06:17,767 - __main__ - INFO - FL Round 5 completed - Accuracy: 0.8914
2025-07-14 07:06:36,369 - fl_ids_core - INFO - Starting federated training round 13
2025-07-14 07:06:36,551 - fl_ids_core - INFO - Node enterprise_node_001: Local training completed
2025-07-14 07:06:38,911 - fl_ids_core - INFO - Node enterprise_node_002: Local training completed
2025-07-14 07:06:39,113 - fl_ids_core - INFO - Node enterprise_node_003: Local training completed
2025-07-14 07:06:39,241 - fl_ids_core - INFO - Node enterprise_node_004: Local training completed
2025-07-14 07:06:39,353 - fl_ids_core - INFO - Node enterprise_node_005: Local training completed
2025-07-14 07:06:39,360 - fl_ids_core - INFO - Round 13 completed with 5 nodes
2025-07-14 07:06:39,360 - __main__ - INFO - FL Round 13 completed - Accuracy: 0.8857
2025-07-14 07:06:47,767 - fl_ids_core - INFO - Starting federated training round 6
2025-07-14 07:06:47,989 - fl_ids_core - INFO - Node enterprise_node_001: Local training completed
2025-07-14 07:06:51,523 - fl_ids_core - INFO - Node enterprise_node_002: Local training completed
2025-07-14 07:06:51,758 - fl_ids_core - INFO - Node enterprise_node_003: Local training completed
2025-07-14 07:06:51,892 - fl_ids_core - INFO - Node enterprise_node_004: Local training completed
2025-07-14 07:06:52,006 - fl_ids_core - INFO - Node enterprise_node_005: Local training completed
2025-07-14 07:06:52,013 - fl_ids_core - INFO - Round 6 completed with 5 nodes
2025-07-14 07:06:52,013 - __main__ - INFO - FL Round 6 completed - Accuracy: 0.9018
2025-07-14 07:07:09,360 - fl_ids_core - INFO - Starting federated training round 14
2025-07-14 07:07:09,571 - fl_ids_core - INFO - Node enterprise_node_001: Local training completed
2025-07-14 07:07:13,326 - fl_ids_core - INFO - Node enterprise_node_002: Local training completed
2025-07-14 07:07:13,581 - fl_ids_core - INFO - Node enterprise_node_003: Local training completed
2025-07-14 07:07:13,742 - fl_ids_core - INFO - Node enterprise_node_004: Local training completed
2025-07-14 07:07:13,871 - fl_ids_core - INFO - Node enterprise_node_005: Local training completed
2025-07-14 07:07:13,878 - fl_ids_core - INFO - Round 14 completed with 5 nodes
2025-07-14 07:07:13,878 - __main__ - INFO - FL Round 14 completed - Accuracy: 0.8823
2025-07-14 07:07:22,014 - fl_ids_core - INFO - Starting federated training round 7
2025-07-14 07:07:22,214 - fl_ids_core - INFO - Node enterprise_node_001: Local training completed
2025-07-14 07:07:24,420 - fl_ids_core - INFO - Node enterprise_node_002: Local training completed
2025-07-14 07:07:24,638 - fl_ids_core - INFO - Node enterprise_node_003: Local training completed
2025-07-14 07:07:24,777 - fl_ids_core - INFO - Node enterprise_node_004: Local training completed
2025-07-14 07:07:24,882 - fl_ids_core - INFO - Node enterprise_node_005: Local training completed
2025-07-14 07:07:24,889 - fl_ids_core - INFO - Round 7 completed with 5 nodes
2025-07-14 07:07:24,889 - __main__ - INFO - FL Round 7 completed - Accuracy: 0.9247
2025-07-14 07:07:43,878 - fl_ids_core - INFO - Starting federated training round 15
2025-07-14 07:07:44,068 - fl_ids_core - INFO - Node enterprise_node_001: Local training completed
2025-07-14 07:07:46,827 - fl_ids_core - INFO - Node enterprise_node_002: Local training completed
2025-07-14 07:07:47,042 - fl_ids_core - INFO - Node enterprise_node_003: Local training completed
2025-07-14 07:07:47,194 - fl_ids_core - INFO - Node enterprise_node_004: Local training completed
2025-07-14 07:07:47,316 - fl_ids_core - INFO - Node enterprise_node_005: Local training completed
2025-07-14 07:07:47,322 - fl_ids_core - INFO - Round 15 completed with 5 nodes
2025-07-14 07:07:47,322 - __main__ - INFO - FL Round 15 completed - Accuracy: 0.9131
2025-07-14 07:07:54,889 - fl_ids_core - INFO - Starting federated training round 8
2025-07-14 07:07:55,093 - fl_ids_core - INFO - Node enterprise_node_001: Local training completed
2025-07-14 07:07:58,223 - fl_ids_core - INFO - Node enterprise_node_002: Local training completed
2025-07-14 07:07:58,458 - fl_ids_core - INFO - Node enterprise_node_003: Local training completed
2025-07-14 07:07:58,609 - fl_ids_core - INFO - Node enterprise_node_004: Local training completed
2025-07-14 07:07:58,728 - fl_ids_core - INFO - Node enterprise_node_005: Local training completed
2025-07-14 07:07:58,734 - fl_ids_core - INFO - Round 8 completed with 5 nodes
2025-07-14 07:07:58,734 - __main__ - INFO - FL Round 8 completed - Accuracy: 0.8891
2025-07-14 07:08:17,323 - fl_ids_core - INFO - Starting federated training round 16
2025-07-14 07:08:17,522 - fl_ids_core - INFO - Node enterprise_node_001: Local training completed
2025-07-14 07:08:20,509 - fl_ids_core - INFO - Node enterprise_node_002: Local training completed
2025-07-14 07:08:20,748 - fl_ids_core - INFO - Node enterprise_node_003: Local training completed
2025-07-14 07:08:20,893 - fl_ids_core - INFO - Node enterprise_node_004: Local training completed
2025-07-14 07:08:21,010 - fl_ids_core - INFO - Node enterprise_node_005: Local training completed
2025-07-14 07:08:21,021 - fl_ids_core - INFO - Round 16 completed with 5 nodes
2025-07-14 07:08:21,022 - __main__ - INFO - FL Round 16 completed - Accuracy: 0.9240
2025-07-14 07:08:28,734 - fl_ids_core - INFO - Starting federated training round 9
2025-07-14 07:08:28,920 - fl_ids_core - INFO - Node enterprise_node_001: Local training completed
2025-07-14 07:08:31,016 - fl_ids_core - INFO - Node enterprise_node_002: Local training completed
2025-07-14 07:08:31,219 - fl_ids_core - INFO - Node enterprise_node_003: Local training completed
2025-07-14 07:08:31,360 - fl_ids_core - INFO - Node enterprise_node_004: Local training completed
2025-07-14 07:08:31,470 - fl_ids_core - INFO - Node enterprise_node_005: Local training completed
2025-07-14 07:08:31,476 - fl_ids_core - INFO - Round 9 completed with 5 nodes
2025-07-14 07:08:31,476 - __main__ - INFO - FL Round 9 completed - Accuracy: 0.9220
2025-07-14 07:08:51,024 - fl_ids_core - INFO - Starting federated training round 17
2025-07-14 07:08:51,220 - fl_ids_core - INFO - Node enterprise_node_001: Local training completed
2025-07-14 07:08:53,611 - fl_ids_core - INFO - Node enterprise_node_002: Local training completed
2025-07-14 07:08:53,834 - fl_ids_core - INFO - Node enterprise_node_003: Local training completed
2025-07-14 07:08:53,977 - fl_ids_core - INFO - Node enterprise_node_004: Local training completed
2025-07-14 07:08:54,094 - fl_ids_core - INFO - Node enterprise_node_005: Local training completed
2025-07-14 07:08:54,108 - fl_ids_core - INFO - Round 17 completed with 5 nodes
2025-07-14 07:08:54,109 - __main__ - INFO - FL Round 17 completed - Accuracy: 0.9554
2025-07-14 07:09:01,477 - fl_ids_core - INFO - Starting federated training round 10
2025-07-14 07:09:01,665 - fl_ids_core - INFO - Node enterprise_node_001: Local training completed
2025-07-14 07:09:03,914 - fl_ids_core - INFO - Node enterprise_node_002: Local training completed
2025-07-14 07:09:04,129 - fl_ids_core - INFO - Node enterprise_node_003: Local training completed
2025-07-14 07:09:04,263 - fl_ids_core - INFO - Node enterprise_node_004: Local training completed
2025-07-14 07:09:04,370 - fl_ids_core - INFO - Node enterprise_node_005: Local training completed
2025-07-14 07:09:04,376 - fl_ids_core - INFO - Round 10 completed with 5 nodes
2025-07-14 07:09:04,376 - __main__ - INFO - FL Round 10 completed - Accuracy: 0.9047
2025-07-14 07:09:24,109 - fl_ids_core - INFO - Starting federated training round 18
2025-07-14 07:09:24,337 - fl_ids_core - INFO - Node enterprise_node_001: Local training completed
2025-07-14 07:09:25,927 - fl_ids_core - INFO - Node enterprise_node_002: Local training completed
2025-07-14 07:09:26,159 - fl_ids_core - INFO - Node enterprise_node_003: Local training completed
2025-07-14 07:09:26,296 - fl_ids_core - INFO - Node enterprise_node_004: Local training completed
2025-07-14 07:09:26,404 - fl_ids_core - INFO - Node enterprise_node_005: Local training completed
2025-07-14 07:09:26,409 - fl_ids_core - INFO - Round 18 completed with 5 nodes
2025-07-14 07:09:26,410 - __main__ - INFO - FL Round 18 completed - Accuracy: 0.8901
2025-07-14 07:09:34,376 - fl_ids_core - INFO - Starting federated training round 11
2025-07-14 07:09:34,574 - fl_ids_core - INFO - Node enterprise_node_001: Local training completed
2025-07-14 07:09:36,212 - fl_ids_core - INFO - Node enterprise_node_002: Local training completed
2025-07-14 07:09:36,419 - fl_ids_core - INFO - Node enterprise_node_003: Local training completed
2025-07-14 07:09:36,717 - fl_ids_core - INFO - Node enterprise_node_004: Local training completed
2025-07-14 07:09:36,956 - fl_ids_core - INFO - Node enterprise_node_005: Local training completed
2025-07-14 07:09:37,008 - fl_ids_core - INFO - Round 11 completed with 5 nodes
2025-07-14 07:09:37,008 - __main__ - INFO - FL Round 11 completed - Accuracy: 0.9565
2025-07-14 07:09:56,410 - fl_ids_core - INFO - Starting federated training round 19
2025-07-14 07:09:56,786 - fl_ids_core - INFO - Node enterprise_node_001: Local training completed
2025-07-14 07:10:05,354 - fl_ids_core - INFO - Node enterprise_node_002: Local training completed
2025-07-14 07:10:05,617 - fl_ids_core - INFO - Node enterprise_node_003: Local training completed
2025-07-14 07:10:05,796 - fl_ids_core - INFO - Node enterprise_node_004: Local training completed
2025-07-14 07:10:05,940 - fl_ids_core - INFO - Node enterprise_node_005: Local training completed
2025-07-14 07:10:05,947 - fl_ids_core - INFO - Round 19 completed with 5 nodes
2025-07-14 07:10:05,948 - __main__ - INFO - FL Round 19 completed - Accuracy: 0.9332
2025-07-14 07:10:07,008 - fl_ids_core - INFO - Starting federated training round 12
2025-07-14 07:10:07,715 - fl_ids_core - INFO - Node enterprise_node_001: Local training completed
2025-07-14 07:10:14,608 - fl_ids_core - INFO - Node enterprise_node_002: Local training completed
2025-07-14 07:10:14,820 - fl_ids_core - INFO - Node enterprise_node_003: Local training completed
2025-07-14 07:10:14,977 - fl_ids_core - INFO - Node enterprise_node_004: Local training completed
2025-07-14 07:10:15,088 - fl_ids_core - INFO - Node enterprise_node_005: Local training completed
2025-07-14 07:10:15,094 - fl_ids_core - INFO - Round 12 completed with 5 nodes
2025-07-14 07:10:15,094 - __main__ - INFO - FL Round 12 completed - Accuracy: 0.9171
2025-07-14 07:10:35,948 - fl_ids_core - INFO - Starting federated training round 20
2025-07-14 07:10:36,140 - fl_ids_core - INFO - Node enterprise_node_001: Local training completed
2025-07-14 07:10:39,109 - fl_ids_core - INFO - Node enterprise_node_002: Local training completed
2025-07-14 07:10:39,344 - fl_ids_core - INFO - Node enterprise_node_003: Local training completed
2025-07-14 07:10:39,539 - fl_ids_core - INFO - Node enterprise_node_004: Local training completed
2025-07-14 07:10:39,669 - fl_ids_core - INFO - Node enterprise_node_005: Local training completed
2025-07-14 07:10:39,680 - fl_ids_core - INFO - Round 20 completed with 5 nodes
2025-07-14 07:10:39,684 - __main__ - INFO - FL Round 20 completed - Accuracy: 0.8960
2025-07-14 07:10:45,095 - fl_ids_core - INFO - Starting federated training round 13
2025-07-14 07:10:45,281 - fl_ids_core - INFO - Node enterprise_node_001: Local training completed
2025-07-14 07:10:48,023 - fl_ids_core - INFO - Node enterprise_node_002: Local training completed
2025-07-14 07:10:48,261 - fl_ids_core - INFO - Node enterprise_node_003: Local training completed
2025-07-14 07:10:48,389 - fl_ids_core - INFO - Node enterprise_node_004: Local training completed
2025-07-14 07:10:48,494 - fl_ids_core - INFO - Node enterprise_node_005: Local training completed
2025-07-14 07:10:48,498 - fl_ids_core - INFO - Round 13 completed with 5 nodes
2025-07-14 07:10:48,499 - __main__ - INFO - FL Round 13 completed - Accuracy: 0.9571
2025-07-14 07:11:09,684 - fl_ids_core - INFO - Starting federated training round 21
2025-07-14 07:11:09,925 - fl_ids_core - INFO - Node enterprise_node_001: Local training completed
2025-07-14 07:11:12,615 - fl_ids_core - INFO - Node enterprise_node_002: Local training completed
2025-07-14 07:11:12,864 - fl_ids_core - INFO - Node enterprise_node_003: Local training completed
2025-07-14 07:11:13,046 - fl_ids_core - INFO - Node enterprise_node_004: Local training completed
2025-07-14 07:11:13,176 - fl_ids_core - INFO - Node enterprise_node_005: Local training completed
2025-07-14 07:11:13,186 - fl_ids_core - INFO - Round 21 completed with 5 nodes
2025-07-14 07:11:13,186 - __main__ - INFO - FL Round 21 completed - Accuracy: 0.9172
2025-07-14 07:11:18,499 - fl_ids_core - INFO - Starting federated training round 14
2025-07-14 07:11:18,702 - fl_ids_core - INFO - Node enterprise_node_001: Local training completed
2025-07-14 07:11:21,826 - fl_ids_core - INFO - Node enterprise_node_002: Local training completed
2025-07-14 07:11:22,063 - fl_ids_core - INFO - Node enterprise_node_003: Local training completed
2025-07-14 07:11:22,196 - fl_ids_core - INFO - Node enterprise_node_004: Local training completed
2025-07-14 07:11:22,316 - fl_ids_core - INFO - Node enterprise_node_005: Local training completed
2025-07-14 07:11:22,321 - fl_ids_core - INFO - Round 14 completed with 5 nodes
2025-07-14 07:11:22,322 - __main__ - INFO - FL Round 14 completed - Accuracy: 0.9130
2025-07-14 07:11:43,186 - fl_ids_core - INFO - Starting federated training round 22
2025-07-14 07:11:43,388 - fl_ids_core - INFO - Node enterprise_node_001: Local training completed
2025-07-14 07:11:45,108 - fl_ids_core - INFO - Node enterprise_node_002: Local training completed
2025-07-14 07:11:45,309 - fl_ids_core - INFO - Node enterprise_node_003: Local training completed
2025-07-14 07:11:45,441 - fl_ids_core - INFO - Node enterprise_node_004: Local training completed
2025-07-14 07:11:45,543 - fl_ids_core - INFO - Node enterprise_node_005: Local training completed
2025-07-14 07:11:45,547 - fl_ids_core - INFO - Round 22 completed with 5 nodes
2025-07-14 07:11:45,547 - __main__ - INFO - FL Round 22 completed - Accuracy: 0.9051
2025-07-14 07:11:52,322 - fl_ids_core - INFO - Starting federated training round 15
2025-07-14 07:11:52,519 - fl_ids_core - INFO - Node enterprise_node_001: Local training completed
2025-07-14 07:11:54,410 - fl_ids_core - INFO - Node enterprise_node_002: Local training completed
2025-07-14 07:11:54,620 - fl_ids_core - INFO - Node enterprise_node_003: Local training completed
2025-07-14 07:11:54,747 - fl_ids_core - INFO - Node enterprise_node_004: Local training completed
2025-07-14 07:11:54,854 - fl_ids_core - INFO - Node enterprise_node_005: Local training completed
2025-07-14 07:11:54,859 - fl_ids_core - INFO - Round 15 completed with 5 nodes
2025-07-14 07:11:54,859 - __main__ - INFO - FL Round 15 completed - Accuracy: 0.8804
2025-07-14 07:12:15,548 - fl_ids_core - INFO - Starting federated training round 23
2025-07-14 07:12:15,738 - fl_ids_core - INFO - Node enterprise_node_001: Local training completed
2025-07-14 07:12:18,017 - fl_ids_core - INFO - Node enterprise_node_002: Local training completed
2025-07-14 07:12:18,231 - fl_ids_core - INFO - Node enterprise_node_003: Local training completed
2025-07-14 07:12:18,366 - fl_ids_core - INFO - Node enterprise_node_004: Local training completed
2025-07-14 07:12:18,474 - fl_ids_core - INFO - Node enterprise_node_005: Local training completed
2025-07-14 07:12:18,479 - fl_ids_core - INFO - Round 23 completed with 5 nodes
2025-07-14 07:12:18,479 - __main__ - INFO - FL Round 23 completed - Accuracy: 0.9447
2025-07-14 07:12:24,859 - fl_ids_core - INFO - Starting federated training round 16
2025-07-14 07:12:25,039 - fl_ids_core - INFO - Node enterprise_node_001: Local training completed
2025-07-14 07:12:26,820 - fl_ids_core - INFO - Node enterprise_node_002: Local training completed
2025-07-14 07:12:27,049 - fl_ids_core - INFO - Node enterprise_node_003: Local training completed
2025-07-14 07:12:27,189 - fl_ids_core - INFO - Node enterprise_node_004: Local training completed
2025-07-14 07:12:27,292 - fl_ids_core - INFO - Node enterprise_node_005: Local training completed
2025-07-14 07:12:27,298 - fl_ids_core - INFO - Round 16 completed with 5 nodes
2025-07-14 07:12:27,298 - __main__ - INFO - FL Round 16 completed - Accuracy: 0.9525
2025-07-14 07:12:48,480 - fl_ids_core - INFO - Starting federated training round 24
2025-07-14 07:12:48,704 - fl_ids_core - INFO - Node enterprise_node_001: Local training completed
2025-07-14 07:12:51,609 - fl_ids_core - INFO - Node enterprise_node_002: Local training completed
2025-07-14 07:12:51,816 - fl_ids_core - INFO - Node enterprise_node_003: Local training completed
2025-07-14 07:12:51,944 - fl_ids_core - INFO - Node enterprise_node_004: Local training completed
2025-07-14 07:12:52,048 - fl_ids_core - INFO - Node enterprise_node_005: Local training completed
2025-07-14 07:12:52,053 - fl_ids_core - INFO - Round 24 completed with 5 nodes
2025-07-14 07:12:52,053 - __main__ - INFO - FL Round 24 completed - Accuracy: 0.9260
2025-07-14 07:12:57,299 - fl_ids_core - INFO - Starting federated training round 17
2025-07-14 07:12:57,496 - fl_ids_core - INFO - Node enterprise_node_001: Local training completed
2025-07-14 07:12:59,813 - fl_ids_core - INFO - Node enterprise_node_002: Local training completed
2025-07-14 07:13:00,046 - fl_ids_core - INFO - Node enterprise_node_003: Local training completed
2025-07-14 07:13:00,184 - fl_ids_core - INFO - Node enterprise_node_004: Local training completed
2025-07-14 07:13:00,284 - fl_ids_core - INFO - Node enterprise_node_005: Local training completed
2025-07-14 07:13:00,289 - fl_ids_core - INFO - Round 17 completed with 5 nodes
2025-07-14 07:13:00,289 - __main__ - INFO - FL Round 17 completed - Accuracy: 0.8876
2025-07-14 07:13:22,053 - fl_ids_core - INFO - Starting federated training round 25
2025-07-14 07:13:22,238 - fl_ids_core - INFO - Node enterprise_node_001: Local training completed
2025-07-14 07:13:24,623 - fl_ids_core - INFO - Node enterprise_node_002: Local training completed
2025-07-14 07:13:24,866 - fl_ids_core - INFO - Node enterprise_node_003: Local training completed
2025-07-14 07:13:25,017 - fl_ids_core - INFO - Node enterprise_node_004: Local training completed
2025-07-14 07:13:25,136 - fl_ids_core - INFO - Node enterprise_node_005: Local training completed
2025-07-14 07:13:25,143 - fl_ids_core - INFO - Round 25 completed with 5 nodes
2025-07-14 07:13:25,144 - __main__ - INFO - FL Round 25 completed - Accuracy: 0.9498
2025-07-14 07:13:30,289 - fl_ids_core - INFO - Starting federated training round 18
2025-07-14 07:13:30,482 - fl_ids_core - INFO - Node enterprise_node_001: Local training completed
2025-07-14 07:13:31,725 - fl_ids_core - INFO - Node enterprise_node_002: Local training completed
2025-07-14 07:13:31,963 - fl_ids_core - INFO - Node enterprise_node_003: Local training completed
2025-07-14 07:13:32,089 - fl_ids_core - INFO - Node enterprise_node_004: Local training completed
2025-07-14 07:13:32,204 - fl_ids_core - INFO - Node enterprise_node_005: Local training completed
2025-07-14 07:13:32,210 - fl_ids_core - INFO - Round 18 completed with 5 nodes
2025-07-14 07:13:32,210 - __main__ - INFO - FL Round 18 completed - Accuracy: 0.9009
2025-07-14 07:13:55,144 - fl_ids_core - INFO - Starting federated training round 26
2025-07-14 07:13:55,334 - fl_ids_core - INFO - Node enterprise_node_001: Local training completed
2025-07-14 07:13:58,605 - fl_ids_core - INFO - Node enterprise_node_002: Local training completed
2025-07-14 07:13:58,901 - fl_ids_core - INFO - Node enterprise_node_003: Local training completed
2025-07-14 07:13:59,108 - fl_ids_core - INFO - Node enterprise_node_004: Local training completed
2025-07-14 07:13:59,285 - fl_ids_core - INFO - Node enterprise_node_005: Local training completed
2025-07-14 07:13:59,300 - fl_ids_core - INFO - Round 26 completed with 5 nodes
2025-07-14 07:13:59,301 - __main__ - INFO - FL Round 26 completed - Accuracy: 0.9477
2025-07-14 07:14:02,211 - fl_ids_core - INFO - Starting federated training round 19
2025-07-14 07:14:02,427 - fl_ids_core - INFO - Node enterprise_node_001: Local training completed
2025-07-14 07:14:05,910 - fl_ids_core - INFO - Node enterprise_node_002: Local training completed
2025-07-14 07:14:06,131 - fl_ids_core - INFO - Node enterprise_node_003: Local training completed
2025-07-14 07:14:06,278 - fl_ids_core - INFO - Node enterprise_node_004: Local training completed
2025-07-14 07:14:06,390 - fl_ids_core - INFO - Node enterprise_node_005: Local training completed
2025-07-14 07:14:06,395 - fl_ids_core - INFO - Round 19 completed with 5 nodes
2025-07-14 07:14:06,395 - __main__ - INFO - FL Round 19 completed - Accuracy: 0.8870
2025-07-14 07:14:29,302 - fl_ids_core - INFO - Starting federated training round 27
2025-07-14 07:14:29,495 - fl_ids_core - INFO - Node enterprise_node_001: Local training completed
2025-07-14 07:14:32,023 - fl_ids_core - INFO - Node enterprise_node_002: Local training completed
2025-07-14 07:14:32,260 - fl_ids_core - INFO - Node enterprise_node_003: Local training completed
2025-07-14 07:14:32,400 - fl_ids_core - INFO - Node enterprise_node_004: Local training completed
2025-07-14 07:14:32,515 - fl_ids_core - INFO - Node enterprise_node_005: Local training completed
2025-07-14 07:14:32,520 - fl_ids_core - INFO - Round 27 completed with 5 nodes
2025-07-14 07:14:32,520 - __main__ - INFO - FL Round 27 completed - Accuracy: 0.9530
2025-07-14 07:14:36,396 - fl_ids_core - INFO - Starting federated training round 20
2025-07-14 07:14:36,580 - fl_ids_core - INFO - Node enterprise_node_001: Local training completed
2025-07-14 07:14:39,114 - fl_ids_core - INFO - Node enterprise_node_002: Local training completed
2025-07-14 07:14:39,339 - fl_ids_core - INFO - Node enterprise_node_003: Local training completed
2025-07-14 07:14:39,478 - fl_ids_core - INFO - Node enterprise_node_004: Local training completed
2025-07-14 07:14:39,582 - fl_ids_core - INFO - Node enterprise_node_005: Local training completed
2025-07-14 07:14:39,588 - fl_ids_core - INFO - Round 20 completed with 5 nodes
2025-07-14 07:14:39,588 - __main__ - INFO - FL Round 20 completed - Accuracy: 0.9010
2025-07-14 07:15:02,520 - fl_ids_core - INFO - Starting federated training round 28
2025-07-14 07:15:02,707 - fl_ids_core - INFO - Node enterprise_node_001: Local training completed
2025-07-14 07:15:04,947 - fl_ids_core - INFO - Node enterprise_node_002: Local training completed
2025-07-14 07:15:05,181 - fl_ids_core - INFO - Node enterprise_node_003: Local training completed
2025-07-14 07:15:05,320 - fl_ids_core - INFO - Node enterprise_node_004: Local training completed
2025-07-14 07:15:05,434 - fl_ids_core - INFO - Node enterprise_node_005: Local training completed
2025-07-14 07:15:05,440 - fl_ids_core - INFO - Round 28 completed with 5 nodes
2025-07-14 07:15:05,440 - __main__ - INFO - FL Round 28 completed - Accuracy: 0.8873
2025-07-14 07:15:20,085 - fl_ids_core - INFO - Node enterprise_node_001: Added 2000 training samples
2025-07-14 07:15:20,086 - fl_ids_core - INFO - Registered node enterprise_node_001 with model type random_forest
2025-07-14 07:15:20,093 - fl_ids_core - INFO - Node enterprise_node_002: Added 2000 training samples
2025-07-14 07:15:20,094 - fl_ids_core - INFO - Registered node enterprise_node_002 with model type neural_network
2025-07-14 07:15:20,100 - fl_ids_core - INFO - Node enterprise_node_003: Added 2000 training samples
2025-07-14 07:15:20,100 - fl_ids_core - INFO - Registered node enterprise_node_003 with model type isolation_forest
2025-07-14 07:15:20,107 - fl_ids_core - INFO - Node enterprise_node_004: Added 2000 training samples
2025-07-14 07:15:20,107 - fl_ids_core - INFO - Registered node enterprise_node_004 with model type svm
2025-07-14 07:15:20,113 - fl_ids_core - INFO - Node enterprise_node_005: Added 2000 training samples
2025-07-14 07:15:20,113 - fl_ids_core - INFO - Registered node enterprise_node_005 with model type gradient_boosting
2025-07-14 07:15:20,113 - __main__ - INFO - FL-IDS system initialized successfully
2025-07-14 07:15:20,114 - fl_ids_core - INFO - Starting federated training round 1
2025-07-14 07:15:20,115 - __main__ - INFO - Starting FL-IDS Enterprise Backend on 0.0.0.0:5001
2025-07-14 07:15:20,344 - fl_ids_core - INFO - Node enterprise_node_001: Local training completed
2025-07-14 07:15:23,827 - fl_ids_core - INFO - Node enterprise_node_002: Local training completed
2025-07-14 07:15:24,067 - fl_ids_core - INFO - Node enterprise_node_003: Local training completed
2025-07-14 07:15:24,206 - fl_ids_core - INFO - Node enterprise_node_004: Local training completed
2025-07-14 07:15:24,315 - fl_ids_core - INFO - Node enterprise_node_005: Local training completed
2025-07-14 07:15:24,321 - fl_ids_core - INFO - Round 1 completed with 5 nodes
2025-07-14 07:15:24,322 - __main__ - INFO - FL Round 1 completed - Accuracy: 0.9113
2025-07-14 07:15:54,322 - fl_ids_core - INFO - Starting federated training round 2
2025-07-14 07:15:54,527 - fl_ids_core - INFO - Node enterprise_node_001: Local training completed
2025-07-14 07:15:56,609 - fl_ids_core - INFO - Node enterprise_node_002: Local training completed
2025-07-14 07:15:56,814 - fl_ids_core - INFO - Node enterprise_node_003: Local training completed
2025-07-14 07:15:56,956 - fl_ids_core - INFO - Node enterprise_node_004: Local training completed
2025-07-14 07:15:57,070 - fl_ids_core - INFO - Node enterprise_node_005: Local training completed
2025-07-14 07:15:57,077 - fl_ids_core - INFO - Round 2 completed with 5 nodes
2025-07-14 07:15:57,077 - __main__ - INFO - FL Round 2 completed - Accuracy: 0.9243
2025-07-14 07:16:27,077 - fl_ids_core - INFO - Starting federated training round 3
2025-07-14 07:16:27,309 - fl_ids_core - INFO - Node enterprise_node_001: Local training completed
2025-07-14 07:17:33,816 - fl_ids_core - INFO - Node enterprise_node_001: Added 2000 training samples
2025-07-14 07:17:33,817 - fl_ids_core - INFO - Registered node enterprise_node_001 with model type random_forest
2025-07-14 07:17:33,824 - fl_ids_core - INFO - Node enterprise_node_002: Added 2000 training samples
2025-07-14 07:17:33,824 - fl_ids_core - INFO - Registered node enterprise_node_002 with model type neural_network
2025-07-14 07:17:33,832 - fl_ids_core - INFO - Node enterprise_node_003: Added 2000 training samples
2025-07-14 07:17:33,832 - fl_ids_core - INFO - Registered node enterprise_node_003 with model type isolation_forest
2025-07-14 07:17:33,839 - fl_ids_core - INFO - Node enterprise_node_004: Added 2000 training samples
2025-07-14 07:17:33,840 - fl_ids_core - INFO - Registered node enterprise_node_004 with model type svm
2025-07-14 07:17:33,847 - fl_ids_core - INFO - Node enterprise_node_005: Added 2000 training samples
2025-07-14 07:17:33,847 - fl_ids_core - INFO - Registered node enterprise_node_005 with model type gradient_boosting
2025-07-14 07:17:33,847 - __main__ - INFO - FL-IDS system initialized successfully
2025-07-14 07:17:33,848 - fl_ids_core - INFO - Starting federated training round 1
2025-07-14 07:17:33,904 - __main__ - INFO - Starting FL-IDS Enterprise Backend on 0.0.0.0:5001
2025-07-14 07:17:34,129 - fl_ids_core - INFO - Node enterprise_node_001: Local training completed
2025-07-14 07:17:36,510 - fl_ids_core - INFO - Node enterprise_node_002: Local training completed
2025-07-14 07:17:36,728 - fl_ids_core - INFO - Node enterprise_node_003: Local training completed
2025-07-14 07:17:36,902 - fl_ids_core - INFO - Node enterprise_node_004: Local training completed
2025-07-14 07:17:37,059 - fl_ids_core - INFO - Node enterprise_node_005: Local training completed
2025-07-14 07:17:37,067 - fl_ids_core - INFO - Round 1 completed with 5 nodes
2025-07-14 07:17:37,067 - __main__ - INFO - FL Round 1 completed - Accuracy: 0.9309
2025-07-14 07:18:07,068 - fl_ids_core - INFO - Starting federated training round 2
2025-07-14 07:18:07,249 - fl_ids_core - INFO - Node enterprise_node_001: Local training completed
2025-07-14 07:18:09,531 - fl_ids_core - INFO - Node enterprise_node_002: Local training completed
2025-07-14 07:18:09,774 - fl_ids_core - INFO - Node enterprise_node_003: Local training completed
2025-07-14 07:18:09,919 - fl_ids_core - INFO - Node enterprise_node_004: Local training completed
2025-07-14 07:18:10,021 - fl_ids_core - INFO - Node enterprise_node_005: Local training completed
2025-07-14 07:18:10,025 - fl_ids_core - INFO - Round 2 completed with 5 nodes
2025-07-14 07:18:10,025 - __main__ - INFO - FL Round 2 completed - Accuracy: 0.9480
2025-07-14 07:18:40,025 - fl_ids_core - INFO - Starting federated training round 3
2025-07-14 07:18:40,239 - fl_ids_core - INFO - Node enterprise_node_001: Local training completed
2025-07-14 07:18:43,326 - fl_ids_core - INFO - Node enterprise_node_002: Local training completed
2025-07-14 07:18:43,571 - fl_ids_core - INFO - Node enterprise_node_003: Local training completed
2025-07-14 07:18:43,725 - fl_ids_core - INFO - Node enterprise_node_004: Local training completed
2025-07-14 07:18:43,835 - fl_ids_core - INFO - Node enterprise_node_005: Local training completed
2025-07-14 07:18:43,842 - fl_ids_core - INFO - Round 3 completed with 5 nodes
2025-07-14 07:18:43,843 - __main__ - INFO - FL Round 3 completed - Accuracy: 0.9465
2025-07-14 07:19:13,843 - fl_ids_core - INFO - Starting federated training round 4
2025-07-14 07:19:14,033 - fl_ids_core - INFO - Node enterprise_node_001: Local training completed
2025-07-14 07:19:15,823 - fl_ids_core - INFO - Node enterprise_node_002: Local training completed
2025-07-14 07:19:16,055 - fl_ids_core - INFO - Node enterprise_node_003: Local training completed
2025-07-14 07:19:16,195 - fl_ids_core - INFO - Node enterprise_node_004: Local training completed
2025-07-14 07:19:16,291 - fl_ids_core - INFO - Node enterprise_node_005: Local training completed
2025-07-14 07:19:16,296 - fl_ids_core - INFO - Round 4 completed with 5 nodes
2025-07-14 07:19:16,296 - __main__ - INFO - FL Round 4 completed - Accuracy: 0.8995
2025-07-14 07:19:46,296 - fl_ids_core - INFO - Starting federated training round 5
2025-07-14 07:19:46,489 - fl_ids_core - INFO - Node enterprise_node_001: Local training completed
2025-07-14 07:19:48,626 - fl_ids_core - INFO - Node enterprise_node_002: Local training completed
2025-07-14 07:19:48,895 - fl_ids_core - INFO - Node enterprise_node_003: Local training completed
2025-07-14 07:19:49,031 - fl_ids_core - INFO - Node enterprise_node_004: Local training completed
2025-07-14 07:19:49,150 - fl_ids_core - INFO - Node enterprise_node_005: Local training completed
2025-07-14 07:19:49,157 - fl_ids_core - INFO - Round 5 completed with 5 nodes
2025-07-14 07:19:49,157 - __main__ - INFO - FL Round 5 completed - Accuracy: 0.9442
2025-07-14 07:20:19,158 - fl_ids_core - INFO - Starting federated training round 6
2025-07-14 07:20:19,351 - fl_ids_core - INFO - Node enterprise_node_001: Local training completed
2025-07-14 07:20:21,423 - fl_ids_core - INFO - Node enterprise_node_002: Local training completed
2025-07-14 07:20:21,659 - fl_ids_core - INFO - Node enterprise_node_003: Local training completed
2025-07-14 07:20:21,813 - fl_ids_core - INFO - Node enterprise_node_004: Local training completed
2025-07-14 07:20:21,922 - fl_ids_core - INFO - Node enterprise_node_005: Local training completed
2025-07-14 07:20:21,927 - fl_ids_core - INFO - Round 6 completed with 5 nodes
2025-07-14 07:20:21,927 - __main__ - INFO - FL Round 6 completed - Accuracy: 0.8814
2025-07-14 07:20:51,927 - fl_ids_core - INFO - Starting federated training round 7
2025-07-14 07:20:52,130 - fl_ids_core - INFO - Node enterprise_node_001: Local training completed
2025-07-14 07:20:55,819 - fl_ids_core - INFO - Node enterprise_node_002: Local training completed
2025-07-14 07:20:56,037 - fl_ids_core - INFO - Node enterprise_node_003: Local training completed
2025-07-14 07:20:56,183 - fl_ids_core - INFO - Node enterprise_node_004: Local training completed
2025-07-14 07:20:56,295 - fl_ids_core - INFO - Node enterprise_node_005: Local training completed
2025-07-14 07:20:56,300 - fl_ids_core - INFO - Round 7 completed with 5 nodes
2025-07-14 07:20:56,300 - __main__ - INFO - FL Round 7 completed - Accuracy: 0.8980
2025-07-14 07:21:26,300 - fl_ids_core - INFO - Starting federated training round 8
2025-07-14 07:21:26,483 - fl_ids_core - INFO - Node enterprise_node_001: Local training completed
2025-07-14 07:21:28,519 - fl_ids_core - INFO - Node enterprise_node_002: Local training completed
2025-07-14 07:21:28,754 - fl_ids_core - INFO - Node enterprise_node_003: Local training completed
2025-07-14 07:21:28,890 - fl_ids_core - INFO - Node enterprise_node_004: Local training completed
2025-07-14 07:21:29,005 - fl_ids_core - INFO - Node enterprise_node_005: Local training completed
2025-07-14 07:21:29,011 - fl_ids_core - INFO - Round 8 completed with 5 nodes
2025-07-14 07:21:29,012 - __main__ - INFO - FL Round 8 completed - Accuracy: 0.9450
2025-07-14 07:21:59,012 - fl_ids_core - INFO - Starting federated training round 9
2025-07-14 07:21:59,318 - fl_ids_core - INFO - Node enterprise_node_001: Local training completed
2025-07-14 07:22:03,428 - fl_ids_core - INFO - Node enterprise_node_002: Local training completed
2025-07-14 07:22:03,651 - fl_ids_core - INFO - Node enterprise_node_003: Local training completed
2025-07-14 07:22:03,808 - fl_ids_core - INFO - Node enterprise_node_004: Local training completed
2025-07-14 07:22:03,917 - fl_ids_core - INFO - Node enterprise_node_005: Local training completed
2025-07-14 07:22:03,925 - fl_ids_core - INFO - Round 9 completed with 5 nodes
2025-07-14 07:22:03,925 - __main__ - INFO - FL Round 9 completed - Accuracy: 0.9421
2025-07-14 07:22:33,925 - fl_ids_core - INFO - Starting federated training round 10
2025-07-14 07:22:34,120 - fl_ids_core - INFO - Node enterprise_node_001: Local training completed
2025-07-14 07:22:36,229 - fl_ids_core - INFO - Node enterprise_node_002: Local training completed
2025-07-14 07:22:36,463 - fl_ids_core - INFO - Node enterprise_node_003: Local training completed
2025-07-14 07:22:36,592 - fl_ids_core - INFO - Node enterprise_node_004: Local training completed
2025-07-14 07:22:36,685 - fl_ids_core - INFO - Node enterprise_node_005: Local training completed
2025-07-14 07:22:36,690 - fl_ids_core - INFO - Round 10 completed with 5 nodes
2025-07-14 07:22:36,690 - __main__ - INFO - FL Round 10 completed - Accuracy: 0.9359
2025-07-14 07:23:06,691 - fl_ids_core - INFO - Starting federated training round 11
2025-07-14 07:23:06,937 - fl_ids_core - INFO - Node enterprise_node_001: Local training completed
2025-07-14 07:23:08,618 - fl_ids_core - INFO - Node enterprise_node_002: Local training completed
2025-07-14 07:23:08,837 - fl_ids_core - INFO - Node enterprise_node_003: Local training completed
2025-07-14 07:23:08,978 - fl_ids_core - INFO - Node enterprise_node_004: Local training completed
2025-07-14 07:23:09,087 - fl_ids_core - INFO - Node enterprise_node_005: Local training completed
2025-07-14 07:23:09,093 - fl_ids_core - INFO - Round 11 completed with 5 nodes
2025-07-14 07:23:09,104 - __main__ - INFO - FL Round 11 completed - Accuracy: 0.9086
2025-07-14 07:23:39,104 - fl_ids_core - INFO - Starting federated training round 12
2025-07-14 07:23:39,292 - fl_ids_core - INFO - Node enterprise_node_001: Local training completed
2025-07-14 07:23:41,819 - fl_ids_core - INFO - Node enterprise_node_002: Local training completed
2025-07-14 07:23:42,051 - fl_ids_core - INFO - Node enterprise_node_003: Local training completed
2025-07-14 07:23:42,190 - fl_ids_core - INFO - Node enterprise_node_004: Local training completed
2025-07-14 07:23:42,291 - fl_ids_core - INFO - Node enterprise_node_005: Local training completed
2025-07-14 07:23:42,304 - fl_ids_core - INFO - Round 12 completed with 5 nodes
2025-07-14 07:23:42,305 - __main__ - INFO - FL Round 12 completed - Accuracy: 0.9153
2025-07-14 07:24:12,305 - fl_ids_core - INFO - Starting federated training round 13
2025-07-14 07:24:12,502 - fl_ids_core - INFO - Node enterprise_node_001: Local training completed
2025-07-14 07:24:14,625 - fl_ids_core - INFO - Node enterprise_node_002: Local training completed
2025-07-14 07:24:14,856 - fl_ids_core - INFO - Node enterprise_node_003: Local training completed
2025-07-14 07:24:15,021 - fl_ids_core - INFO - Node enterprise_node_004: Local training completed
2025-07-14 07:24:15,139 - fl_ids_core - INFO - Node enterprise_node_005: Local training completed
2025-07-14 07:24:15,144 - fl_ids_core - INFO - Round 13 completed with 5 nodes
2025-07-14 07:24:15,144 - __main__ - INFO - FL Round 13 completed - Accuracy: 0.9390
2025-07-14 07:24:45,145 - fl_ids_core - INFO - Starting federated training round 14
2025-07-14 07:24:45,341 - fl_ids_core - INFO - Node enterprise_node_001: Local training completed
2025-07-14 07:24:48,414 - fl_ids_core - INFO - Node enterprise_node_002: Local training completed
2025-07-14 07:24:48,624 - fl_ids_core - INFO - Node enterprise_node_003: Local training completed
2025-07-14 07:24:48,784 - fl_ids_core - INFO - Node enterprise_node_004: Local training completed
2025-07-14 07:24:48,897 - fl_ids_core - INFO - Node enterprise_node_005: Local training completed
2025-07-14 07:24:48,907 - fl_ids_core - INFO - Round 14 completed with 5 nodes
2025-07-14 07:24:48,907 - __main__ - INFO - FL Round 14 completed - Accuracy: 0.8898
2025-07-14 07:25:18,907 - fl_ids_core - INFO - Starting federated training round 15
2025-07-14 07:25:19,107 - fl_ids_core - INFO - Node enterprise_node_001: Local training completed
2025-07-14 07:25:21,515 - fl_ids_core - INFO - Node enterprise_node_002: Local training completed
2025-07-14 07:25:21,773 - fl_ids_core - INFO - Node enterprise_node_003: Local training completed
2025-07-14 07:25:21,928 - fl_ids_core - INFO - Node enterprise_node_004: Local training completed
2025-07-14 07:25:22,044 - fl_ids_core - INFO - Node enterprise_node_005: Local training completed
2025-07-14 07:25:22,052 - fl_ids_core - INFO - Round 15 completed with 5 nodes
2025-07-14 07:25:22,052 - __main__ - INFO - FL Round 15 completed - Accuracy: 0.8804
2025-07-14 07:25:52,052 - fl_ids_core - INFO - Starting federated training round 16
2025-07-14 07:25:52,239 - fl_ids_core - INFO - Node enterprise_node_001: Local training completed
2025-07-14 07:25:54,113 - fl_ids_core - INFO - Node enterprise_node_002: Local training completed
2025-07-14 07:25:54,331 - fl_ids_core - INFO - Node enterprise_node_003: Local training completed
2025-07-14 07:25:54,480 - fl_ids_core - INFO - Node enterprise_node_004: Local training completed
2025-07-14 07:25:54,587 - fl_ids_core - INFO - Node enterprise_node_005: Local training completed
2025-07-14 07:25:54,592 - fl_ids_core - INFO - Round 16 completed with 5 nodes
2025-07-14 07:25:54,592 - __main__ - INFO - FL Round 16 completed - Accuracy: 0.9362
2025-07-14 07:26:24,592 - fl_ids_core - INFO - Starting federated training round 17
2025-07-14 07:26:24,806 - fl_ids_core - INFO - Node enterprise_node_001: Local training completed
2025-07-14 07:26:28,232 - fl_ids_core - INFO - Node enterprise_node_002: Local training completed
2025-07-14 07:26:28,491 - fl_ids_core - INFO - Node enterprise_node_003: Local training completed
2025-07-14 07:26:28,641 - fl_ids_core - INFO - Node enterprise_node_004: Local training completed
2025-07-14 07:26:28,758 - fl_ids_core - INFO - Node enterprise_node_005: Local training completed
2025-07-14 07:26:28,764 - fl_ids_core - INFO - Round 17 completed with 5 nodes
2025-07-14 07:26:28,764 - __main__ - INFO - FL Round 17 completed - Accuracy: 0.8928
2025-07-14 07:26:58,764 - fl_ids_core - INFO - Starting federated training round 18
2025-07-14 07:26:58,955 - fl_ids_core - INFO - Node enterprise_node_001: Local training completed
2025-07-14 07:27:02,030 - fl_ids_core - INFO - Node enterprise_node_002: Local training completed
2025-07-14 07:27:02,284 - fl_ids_core - INFO - Node enterprise_node_003: Local training completed
2025-07-14 07:27:02,422 - fl_ids_core - INFO - Node enterprise_node_004: Local training completed
2025-07-14 07:27:02,521 - fl_ids_core - INFO - Node enterprise_node_005: Local training completed
2025-07-14 07:27:02,527 - fl_ids_core - INFO - Round 18 completed with 5 nodes
2025-07-14 07:27:02,528 - __main__ - INFO - FL Round 18 completed - Accuracy: 0.8942
2025-07-14 07:27:32,528 - fl_ids_core - INFO - Starting federated training round 19
2025-07-14 07:27:32,718 - fl_ids_core - INFO - Node enterprise_node_001: Local training completed
2025-07-14 07:27:35,225 - fl_ids_core - INFO - Node enterprise_node_002: Local training completed
2025-07-14 07:27:35,466 - fl_ids_core - INFO - Node enterprise_node_003: Local training completed
2025-07-14 07:27:35,611 - fl_ids_core - INFO - Node enterprise_node_004: Local training completed
2025-07-14 07:27:35,736 - fl_ids_core - INFO - Node enterprise_node_005: Local training completed
2025-07-14 07:27:35,745 - fl_ids_core - INFO - Round 19 completed with 5 nodes
2025-07-14 07:27:35,745 - __main__ - INFO - FL Round 19 completed - Accuracy: 0.9453
2025-07-14 07:28:05,746 - fl_ids_core - INFO - Starting federated training round 20
2025-07-14 07:28:05,933 - fl_ids_core - INFO - Node enterprise_node_001: Local training completed
2025-07-14 07:28:08,929 - fl_ids_core - INFO - Node enterprise_node_002: Local training completed
2025-07-14 07:28:09,189 - fl_ids_core - INFO - Node enterprise_node_003: Local training completed
2025-07-14 07:28:09,345 - fl_ids_core - INFO - Node enterprise_node_004: Local training completed
2025-07-14 07:28:09,451 - fl_ids_core - INFO - Node enterprise_node_005: Local training completed
2025-07-14 07:28:09,456 - fl_ids_core - INFO - Round 20 completed with 5 nodes
2025-07-14 07:28:09,456 - __main__ - INFO - FL Round 20 completed - Accuracy: 0.8986
2025-07-14 07:28:39,457 - fl_ids_core - INFO - Starting federated training round 21
2025-07-14 07:28:39,641 - fl_ids_core - INFO - Node enterprise_node_001: Local training completed
2025-07-14 07:28:41,420 - fl_ids_core - INFO - Node enterprise_node_002: Local training completed
2025-07-14 07:28:41,641 - fl_ids_core - INFO - Node enterprise_node_003: Local training completed
2025-07-14 07:28:41,780 - fl_ids_core - INFO - Node enterprise_node_004: Local training completed
2025-07-14 07:28:41,885 - fl_ids_core - INFO - Node enterprise_node_005: Local training completed
2025-07-14 07:28:41,890 - fl_ids_core - INFO - Round 21 completed with 5 nodes
2025-07-14 07:28:41,891 - __main__ - INFO - FL Round 21 completed - Accuracy: 0.9349
2025-07-14 07:29:11,891 - fl_ids_core - INFO - Starting federated training round 22
2025-07-14 07:29:12,145 - fl_ids_core - INFO - Node enterprise_node_001: Local training completed
2025-07-14 07:29:16,423 - fl_ids_core - INFO - Node enterprise_node_002: Local training completed
2025-07-14 07:29:16,684 - fl_ids_core - INFO - Node enterprise_node_003: Local training completed
2025-07-14 07:29:16,833 - fl_ids_core - INFO - Node enterprise_node_004: Local training completed
2025-07-14 07:29:16,938 - fl_ids_core - INFO - Node enterprise_node_005: Local training completed
2025-07-14 07:29:16,942 - fl_ids_core - INFO - Round 22 completed with 5 nodes
2025-07-14 07:29:16,943 - __main__ - INFO - FL Round 22 completed - Accuracy: 0.9342
2025-07-16 15:57:52,911 - fl_ids_core - INFO - Node enterprise_node_001: Added 2000 training samples
2025-07-16 15:57:53,001 - fl_ids_core - INFO - Registered node enterprise_node_001 with model type random_forest
2025-07-16 15:57:53,012 - fl_ids_core - INFO - Node enterprise_node_002: Added 2000 training samples
2025-07-16 15:57:53,016 - fl_ids_core - INFO - Registered node enterprise_node_002 with model type neural_network
2025-07-16 15:57:53,025 - fl_ids_core - INFO - Node enterprise_node_003: Added 2000 training samples
2025-07-16 15:57:53,025 - fl_ids_core - INFO - Registered node enterprise_node_003 with model type isolation_forest
2025-07-16 15:57:53,034 - fl_ids_core - INFO - Node enterprise_node_004: Added 2000 training samples
2025-07-16 15:57:53,034 - fl_ids_core - INFO - Registered node enterprise_node_004 with model type svm
2025-07-16 15:57:53,048 - fl_ids_core - INFO - Node enterprise_node_005: Added 2000 training samples
2025-07-16 15:57:53,048 - fl_ids_core - INFO - Registered node enterprise_node_005 with model type gradient_boosting
2025-07-16 15:57:53,048 - __main__ - INFO - FL-IDS system initialized successfully
2025-07-16 15:57:53,051 - fl_ids_core - INFO - Starting federated training round 1
2025-07-16 15:57:53,051 - __main__ - INFO - Starting FL-IDS Enterprise Backend on 0.0.0.0:5001
2025-07-16 15:57:53,661 - fl_ids_core - INFO - Node enterprise_node_001: Local training completed
2025-07-16 15:57:53,961 - fl_ids_core - INFO - Node enterprise_node_002: Local training completed
2025-07-16 15:57:54,096 - fl_ids_core - INFO - Node enterprise_node_003: Local training completed
2025-07-16 15:57:54,217 - fl_ids_core - INFO - Node enterprise_node_004: Local training completed
2025-07-16 15:57:54,396 - fl_ids_core - INFO - Node enterprise_node_005: Local training completed
2025-07-16 15:57:54,401 - fl_ids_core - INFO - Round 1 completed with 5 nodes
2025-07-16 15:57:54,401 - __main__ - INFO - FL Round 1 completed - Accuracy: 0.9505
2025-07-16 15:58:24,403 - fl_ids_core - INFO - Starting federated training round 2
2025-07-16 15:58:24,725 - fl_ids_core - INFO - Node enterprise_node_001: Local training completed
2025-07-16 15:58:25,082 - fl_ids_core - INFO - Node enterprise_node_002: Local training completed
2025-07-16 15:58:25,203 - fl_ids_core - INFO - Node enterprise_node_003: Local training completed
2025-07-16 15:58:25,321 - fl_ids_core - INFO - Node enterprise_node_004: Local training completed
2025-07-16 15:58:25,480 - fl_ids_core - INFO - Node enterprise_node_005: Local training completed
2025-07-16 15:58:25,483 - fl_ids_core - INFO - Round 2 completed with 5 nodes
2025-07-16 15:58:25,483 - __main__ - INFO - FL Round 2 completed - Accuracy: 0.9110
2025-07-16 19:03:45,001 - fl_ids_core - INFO - Node enterprise_node_001: Added 2000 training samples
2025-07-16 19:03:45,001 - fl_ids_core - INFO - Registered node enterprise_node_001 with model type random_forest
2025-07-16 19:03:45,015 - fl_ids_core - INFO - Node enterprise_node_002: Added 2000 training samples
2025-07-16 19:03:45,015 - fl_ids_core - INFO - Registered node enterprise_node_002 with model type neural_network
2025-07-16 19:03:45,108 - fl_ids_core - INFO - Node enterprise_node_003: Added 2000 training samples
2025-07-16 19:03:45,108 - fl_ids_core - INFO - Registered node enterprise_node_003 with model type isolation_forest
2025-07-16 19:03:45,117 - fl_ids_core - INFO - Node enterprise_node_004: Added 2000 training samples
2025-07-16 19:03:45,117 - fl_ids_core - INFO - Registered node enterprise_node_004 with model type svm
2025-07-16 19:03:45,126 - fl_ids_core - INFO - Node enterprise_node_005: Added 2000 training samples
2025-07-16 19:03:45,126 - fl_ids_core - INFO - Registered node enterprise_node_005 with model type gradient_boosting
2025-07-16 19:03:45,126 - __main__ - INFO - FL-IDS system initialized successfully
2025-07-16 19:03:45,131 - fl_ids_core - INFO - Starting federated training round 1
2025-07-16 19:03:45,141 - __main__ - INFO - Starting FL-IDS Enterprise Backend on 0.0.0.0:5001
2025-07-16 19:03:45,629 - fl_ids_core - INFO - Node enterprise_node_001: Local training completed
2025-07-16 19:03:46,131 - fl_ids_core - INFO - Node enterprise_node_002: Local training completed
2025-07-16 19:03:46,321 - fl_ids_core - INFO - Node enterprise_node_003: Local training completed
2025-07-16 19:03:46,480 - fl_ids_core - INFO - Node enterprise_node_004: Local training completed
2025-07-16 19:03:46,693 - fl_ids_core - INFO - Node enterprise_node_005: Local training completed
2025-07-16 19:03:46,700 - fl_ids_core - INFO - Round 1 completed with 5 nodes
2025-07-16 19:03:46,700 - __main__ - INFO - FL Round 1 completed - Accuracy: 0.8955
2025-07-16 19:04:16,711 - fl_ids_core - INFO - Starting federated training round 2
2025-07-16 19:04:17,060 - fl_ids_core - INFO - Node enterprise_node_001: Local training completed
2025-07-16 19:04:17,453 - fl_ids_core - INFO - Node enterprise_node_002: Local training completed
2025-07-16 19:04:17,606 - fl_ids_core - INFO - Node enterprise_node_003: Local training completed
2025-07-16 19:04:17,730 - fl_ids_core - INFO - Node enterprise_node_004: Local training completed
2025-07-16 19:04:17,883 - fl_ids_core - INFO - Node enterprise_node_005: Local training completed
2025-07-16 19:04:17,888 - fl_ids_core - INFO - Round 2 completed with 5 nodes
2025-07-16 19:04:17,888 - __main__ - INFO - FL Round 2 completed - Accuracy: 0.9280
2025-07-16 19:19:25,934 - fl_ids_core - INFO - Node enterprise_node_001: Added 2000 training samples
2025-07-16 19:19:25,936 - fl_ids_core - INFO - Registered node enterprise_node_001 with model type random_forest
2025-07-16 19:19:25,944 - fl_ids_core - INFO - Node enterprise_node_002: Added 2000 training samples
2025-07-16 19:19:25,944 - fl_ids_core - INFO - Registered node enterprise_node_002 with model type neural_network
2025-07-16 19:19:25,960 - fl_ids_core - INFO - Node enterprise_node_003: Added 2000 training samples
2025-07-16 19:19:25,961 - fl_ids_core - INFO - Registered node enterprise_node_003 with model type isolation_forest
2025-07-16 19:19:25,981 - fl_ids_core - INFO - Node enterprise_node_004: Added 2000 training samples
2025-07-16 19:19:25,981 - fl_ids_core - INFO - Registered node enterprise_node_004 with model type svm
2025-07-16 19:19:26,003 - fl_ids_core - INFO - Node enterprise_node_005: Added 2000 training samples
2025-07-16 19:19:26,005 - fl_ids_core - INFO - Registered node enterprise_node_005 with model type gradient_boosting
2025-07-16 19:19:26,011 - __main__ - INFO - FL-IDS system initialized successfully
2025-07-16 19:19:26,014 - fl_ids_core - INFO - Starting federated training round 1
2025-07-16 19:19:26,019 - __main__ - INFO - Starting FL-IDS Enterprise Backend on 0.0.0.0:5001
2025-07-16 19:19:26,831 - fl_ids_core - INFO - Node enterprise_node_001: Local training completed
2025-07-16 19:19:27,699 - fl_ids_core - INFO - Node enterprise_node_002: Local training completed
2025-07-16 19:19:28,195 - fl_ids_core - INFO - Node enterprise_node_003: Local training completed
2025-07-16 19:19:28,502 - fl_ids_core - INFO - Node enterprise_node_004: Local training completed
2025-07-16 19:19:28,921 - fl_ids_core - INFO - Node enterprise_node_005: Local training completed
2025-07-16 19:19:28,928 - fl_ids_core - INFO - Round 1 completed with 5 nodes
2025-07-16 19:19:28,928 - __main__ - INFO - FL Round 1 completed - Accuracy: 0.9258
2025-07-16 19:19:58,947 - fl_ids_core - INFO - Starting federated training round 2
2025-07-16 19:19:59,551 - fl_ids_core - INFO - Node enterprise_node_001: Local training completed
2025-07-16 19:20:00,351 - fl_ids_core - INFO - Node enterprise_node_002: Local training completed
2025-07-16 19:20:00,743 - fl_ids_core - INFO - Node enterprise_node_003: Local training completed
2025-07-16 19:20:01,087 - fl_ids_core - INFO - Node enterprise_node_004: Local training completed
2025-07-16 19:20:01,420 - fl_ids_core - INFO - Node enterprise_node_005: Local training completed
2025-07-16 19:20:01,436 - fl_ids_core - INFO - Round 2 completed with 5 nodes
2025-07-16 19:20:01,437 - __main__ - INFO - FL Round 2 completed - Accuracy: 0.9541
2025-07-16 19:20:31,450 - fl_ids_core - INFO - Starting federated training round 3
2025-07-16 19:20:32,784 - fl_ids_core - INFO - Node enterprise_node_001: Local training completed
2025-07-16 19:20:34,669 - fl_ids_core - INFO - Node enterprise_node_002: Local training completed
2025-07-16 19:20:35,153 - fl_ids_core - INFO - Node enterprise_node_003: Local training completed
2025-07-16 19:20:35,818 - fl_ids_core - INFO - Node enterprise_node_004: Local training completed
2025-07-16 19:20:36,369 - fl_ids_core - INFO - Node enterprise_node_005: Local training completed
2025-07-16 19:20:36,394 - fl_ids_core - INFO - Round 3 completed with 5 nodes
2025-07-16 19:20:36,398 - __main__ - INFO - FL Round 3 completed - Accuracy: 0.9455
2025-07-16 19:21:06,416 - fl_ids_core - INFO - Starting federated training round 4
2025-07-16 19:21:06,886 - fl_ids_core - INFO - Node enterprise_node_001: Local training completed
2025-07-16 19:21:07,417 - fl_ids_core - INFO - Node enterprise_node_002: Local training completed
2025-07-16 19:21:07,644 - fl_ids_core - INFO - Node enterprise_node_003: Local training completed
2025-07-16 19:21:08,033 - fl_ids_core - INFO - Node enterprise_node_004: Local training completed
2025-07-16 19:21:08,393 - fl_ids_core - INFO - Node enterprise_node_005: Local training completed
2025-07-16 19:21:08,411 - fl_ids_core - INFO - Round 4 completed with 5 nodes
2025-07-16 19:21:08,418 - __main__ - INFO - FL Round 4 completed - Accuracy: 0.8841
2025-07-16 19:26:05,649 - fl_ids_core - INFO - Node enterprise_node_001: Added 2000 training samples
2025-07-16 19:26:05,649 - fl_ids_core - INFO - Registered node enterprise_node_001 with model type random_forest
2025-07-16 19:26:05,666 - fl_ids_core - INFO - Node enterprise_node_002: Added 2000 training samples
2025-07-16 19:26:05,666 - fl_ids_core - INFO - Registered node enterprise_node_002 with model type neural_network
2025-07-16 19:26:05,687 - fl_ids_core - INFO - Node enterprise_node_003: Added 2000 training samples
2025-07-16 19:26:05,689 - fl_ids_core - INFO - Registered node enterprise_node_003 with model type isolation_forest
2025-07-16 19:26:05,706 - fl_ids_core - INFO - Node enterprise_node_004: Added 2000 training samples
2025-07-16 19:26:05,708 - fl_ids_core - INFO - Registered node enterprise_node_004 with model type svm
2025-07-16 19:26:05,731 - fl_ids_core - INFO - Node enterprise_node_005: Added 2000 training samples
2025-07-16 19:26:05,731 - fl_ids_core - INFO - Registered node enterprise_node_005 with model type gradient_boosting
2025-07-16 19:26:05,731 - __main__ - INFO - FL-IDS system initialized successfully
2025-07-16 19:26:05,731 - fl_ids_core - INFO - Starting federated training round 1
2025-07-16 19:26:05,741 - __main__ - INFO - Starting FL-IDS Enterprise Backend on 0.0.0.0:5001
2025-07-16 19:26:06,196 - fl_ids_core - INFO - Node enterprise_node_001: Local training completed
2025-07-16 19:26:07,095 - fl_ids_core - INFO - Node enterprise_node_002: Local training completed
2025-07-16 19:26:07,375 - fl_ids_core - INFO - Node enterprise_node_003: Local training completed
2025-07-16 19:26:07,634 - fl_ids_core - INFO - Node enterprise_node_004: Local training completed
2025-07-16 19:26:07,905 - fl_ids_core - INFO - Node enterprise_node_005: Local training completed
2025-07-16 19:26:07,918 - fl_ids_core - INFO - Round 1 completed with 5 nodes
2025-07-16 19:26:07,920 - __main__ - INFO - FL Round 1 completed - Accuracy: 0.8842
2025-07-16 19:26:37,922 - fl_ids_core - INFO - Starting federated training round 2
2025-07-16 19:26:39,480 - fl_ids_core - INFO - Node enterprise_node_001: Local training completed
2025-07-16 19:26:41,339 - fl_ids_core - INFO - Node enterprise_node_002: Local training completed
2025-07-16 19:26:41,658 - fl_ids_core - INFO - Node enterprise_node_003: Local training completed
2025-07-16 19:26:42,045 - fl_ids_core - INFO - Node enterprise_node_004: Local training completed
2025-07-16 19:26:42,602 - fl_ids_core - INFO - Node enterprise_node_005: Local training completed
2025-07-16 19:26:42,623 - fl_ids_core - INFO - Round 2 completed with 5 nodes
2025-07-16 19:26:42,627 - __main__ - INFO - FL Round 2 completed - Accuracy: 0.9498
2025-07-16 19:27:12,628 - fl_ids_core - INFO - Starting federated training round 3
2025-07-16 19:27:13,780 - fl_ids_core - INFO - Node enterprise_node_001: Local training completed
2025-07-16 19:27:15,451 - fl_ids_core - INFO - Node enterprise_node_002: Local training completed
2025-07-16 19:27:16,104 - fl_ids_core - INFO - Node enterprise_node_003: Local training completed
2025-07-16 19:27:16,747 - fl_ids_core - INFO - Node enterprise_node_004: Local training completed
2025-07-16 19:27:17,261 - fl_ids_core - INFO - Node enterprise_node_005: Local training completed
2025-07-16 19:27:17,276 - fl_ids_core - INFO - Round 3 completed with 5 nodes
2025-07-16 19:27:17,277 - __main__ - INFO - FL Round 3 completed - Accuracy: 0.9215
2025-07-16 19:27:47,278 - fl_ids_core - INFO - Starting federated training round 4
2025-07-16 19:27:47,773 - fl_ids_core - INFO - Node enterprise_node_001: Local training completed
2025-07-16 19:27:48,217 - fl_ids_core - INFO - Node enterprise_node_002: Local training completed
2025-07-16 19:27:48,444 - fl_ids_core - INFO - Node enterprise_node_003: Local training completed
2025-07-16 19:27:48,654 - fl_ids_core - INFO - Node enterprise_node_004: Local training completed
2025-07-16 19:27:48,820 - fl_ids_core - INFO - Node enterprise_node_005: Local training completed
2025-07-16 19:27:48,824 - fl_ids_core - INFO - Round 4 completed with 5 nodes
2025-07-16 19:27:48,824 - __main__ - INFO - FL Round 4 completed - Accuracy: 0.8805
2025-07-16 19:28:18,837 - fl_ids_core - INFO - Starting federated training round 5
2025-07-16 19:28:19,316 - fl_ids_core - INFO - Node enterprise_node_001: Local training completed
2025-07-16 19:28:20,020 - fl_ids_core - INFO - Node enterprise_node_002: Local training completed
2025-07-16 19:28:20,308 - fl_ids_core - INFO - Node enterprise_node_003: Local training completed
2025-07-16 19:28:20,537 - fl_ids_core - INFO - Node enterprise_node_004: Local training completed
2025-07-16 19:28:20,778 - fl_ids_core - INFO - Node enterprise_node_005: Local training completed
2025-07-16 19:28:20,795 - fl_ids_core - INFO - Round 5 completed with 5 nodes
2025-07-16 19:28:20,797 - __main__ - INFO - FL Round 5 completed - Accuracy: 0.9538
2025-07-16 19:28:50,805 - fl_ids_core - INFO - Starting federated training round 6
2025-07-16 19:28:51,492 - fl_ids_core - INFO - Node enterprise_node_001: Local training completed
2025-07-16 19:28:52,329 - fl_ids_core - INFO - Node enterprise_node_002: Local training completed
2025-07-16 19:28:52,674 - fl_ids_core - INFO - Node enterprise_node_003: Local training completed
2025-07-16 19:28:53,022 - fl_ids_core - INFO - Node enterprise_node_004: Local training completed
2025-07-16 19:28:53,407 - fl_ids_core - INFO - Node enterprise_node_005: Local training completed
2025-07-16 19:28:53,418 - fl_ids_core - INFO - Round 6 completed with 5 nodes
2025-07-16 19:28:53,421 - __main__ - INFO - FL Round 6 completed - Accuracy: 0.9295
2025-07-16 19:29:23,424 - fl_ids_core - INFO - Starting federated training round 7
2025-07-16 19:29:24,065 - fl_ids_core - INFO - Node enterprise_node_001: Local training completed
2025-07-16 19:29:24,899 - fl_ids_core - INFO - Node enterprise_node_002: Local training completed
2025-07-16 19:29:25,165 - fl_ids_core - INFO - Node enterprise_node_003: Local training completed
2025-07-16 19:29:25,420 - fl_ids_core - INFO - Node enterprise_node_004: Local training completed
2025-07-16 19:29:25,684 - fl_ids_core - INFO - Node enterprise_node_005: Local training completed
2025-07-16 19:29:25,697 - fl_ids_core - INFO - Round 7 completed with 5 nodes
2025-07-16 19:29:25,697 - __main__ - INFO - FL Round 7 completed - Accuracy: 0.9154
2025-07-16 19:29:55,706 - fl_ids_core - INFO - Starting federated training round 8
2025-07-16 19:29:56,308 - fl_ids_core - INFO - Node enterprise_node_001: Local training completed
2025-07-16 19:29:57,062 - fl_ids_core - INFO - Node enterprise_node_002: Local training completed
2025-07-16 19:29:57,382 - fl_ids_core - INFO - Node enterprise_node_003: Local training completed
2025-07-16 19:29:57,729 - fl_ids_core - INFO - Node enterprise_node_004: Local training completed
2025-07-16 19:29:58,141 - fl_ids_core - INFO - Node enterprise_node_005: Local training completed
2025-07-16 19:29:58,153 - fl_ids_core - INFO - Round 8 completed with 5 nodes
2025-07-16 19:29:58,153 - __main__ - INFO - FL Round 8 completed - Accuracy: 0.9221
2025-07-16 19:30:28,152 - fl_ids_core - INFO - Starting federated training round 9
2025-07-16 19:30:28,699 - fl_ids_core - INFO - Node enterprise_node_001: Local training completed
2025-07-16 19:30:29,609 - fl_ids_core - INFO - Node enterprise_node_002: Local training completed
2025-07-16 19:30:29,999 - fl_ids_core - INFO - Node enterprise_node_003: Local training completed
2025-07-16 19:30:30,280 - fl_ids_core - INFO - Node enterprise_node_004: Local training completed
2025-07-16 19:30:30,589 - fl_ids_core - INFO - Node enterprise_node_005: Local training completed
2025-07-16 19:30:30,598 - fl_ids_core - INFO - Round 9 completed with 5 nodes
2025-07-16 19:30:30,598 - __main__ - INFO - FL Round 9 completed - Accuracy: 0.9406
2025-07-16 19:31:00,608 - fl_ids_core - INFO - Starting federated training round 10
2025-07-16 19:31:01,799 - fl_ids_core - INFO - Node enterprise_node_001: Local training completed
2025-07-16 19:31:03,194 - fl_ids_core - INFO - Node enterprise_node_002: Local training completed
2025-07-16 19:31:03,643 - fl_ids_core - INFO - Node enterprise_node_003: Local training completed
2025-07-16 19:31:03,977 - fl_ids_core - INFO - Node enterprise_node_004: Local training completed
2025-07-16 19:31:04,324 - fl_ids_core - INFO - Node enterprise_node_005: Local training completed
2025-07-16 19:31:04,340 - fl_ids_core - INFO - Round 10 completed with 5 nodes
2025-07-16 19:31:04,343 - __main__ - INFO - FL Round 10 completed - Accuracy: 0.9094
2025-07-16 19:31:34,361 - fl_ids_core - INFO - Starting federated training round 11
2025-07-16 19:31:35,281 - fl_ids_core - INFO - Node enterprise_node_001: Local training completed
2025-07-16 19:31:36,636 - fl_ids_core - INFO - Node enterprise_node_002: Local training completed
2025-07-16 19:31:37,265 - fl_ids_core - INFO - Node enterprise_node_003: Local training completed
2025-07-16 19:31:37,583 - fl_ids_core - INFO - Node enterprise_node_004: Local training completed
2025-07-16 19:31:38,118 - fl_ids_core - INFO - Node enterprise_node_005: Local training completed
2025-07-16 19:31:38,192 - fl_ids_core - INFO - Round 11 completed with 5 nodes
2025-07-16 19:31:38,204 - __main__ - INFO - FL Round 11 completed - Accuracy: 0.9224
2025-07-16 19:32:08,224 - fl_ids_core - INFO - Starting federated training round 12
2025-07-16 19:32:08,957 - fl_ids_core - INFO - Node enterprise_node_001: Local training completed
2025-07-16 19:32:11,522 - fl_ids_core - INFO - Node enterprise_node_002: Local training completed
2025-07-16 19:32:12,135 - fl_ids_core - INFO - Node enterprise_node_003: Local training completed
2025-07-16 19:32:12,581 - fl_ids_core - INFO - Node enterprise_node_004: Local training completed
2025-07-16 19:32:12,974 - fl_ids_core - INFO - Node enterprise_node_005: Local training completed
2025-07-16 19:32:13,000 - fl_ids_core - INFO - Round 12 completed with 5 nodes
2025-07-16 19:32:13,021 - __main__ - INFO - FL Round 12 completed - Accuracy: 0.8889
2025-07-16 19:32:43,042 - fl_ids_core - INFO - Starting federated training round 13
2025-07-16 19:32:43,358 - fl_ids_core - INFO - Node enterprise_node_001: Local training completed
2025-07-16 19:32:43,955 - fl_ids_core - INFO - Node enterprise_node_002: Local training completed
2025-07-16 19:32:44,192 - fl_ids_core - INFO - Node enterprise_node_003: Local training completed
2025-07-16 19:32:44,412 - fl_ids_core - INFO - Node enterprise_node_004: Local training completed
2025-07-16 19:32:44,609 - fl_ids_core - INFO - Node enterprise_node_005: Local training completed
2025-07-16 19:32:44,618 - fl_ids_core - INFO - Round 13 completed with 5 nodes
2025-07-16 19:32:44,621 - __main__ - INFO - FL Round 13 completed - Accuracy: 0.9139
2025-07-16 19:33:14,632 - fl_ids_core - INFO - Starting federated training round 14
2025-07-16 19:33:15,032 - fl_ids_core - INFO - Node enterprise_node_001: Local training completed
2025-07-16 19:33:15,543 - fl_ids_core - INFO - Node enterprise_node_002: Local training completed
2025-07-16 19:33:15,756 - fl_ids_core - INFO - Node enterprise_node_003: Local training completed
2025-07-16 19:33:15,908 - fl_ids_core - INFO - Node enterprise_node_004: Local training completed
2025-07-16 19:33:16,058 - fl_ids_core - INFO - Node enterprise_node_005: Local training completed
2025-07-16 19:33:16,058 - fl_ids_core - INFO - Round 14 completed with 5 nodes
2025-07-16 19:33:16,058 - __main__ - INFO - FL Round 14 completed - Accuracy: 0.9186
2025-07-16 19:33:46,063 - fl_ids_core - INFO - Starting federated training round 15
2025-07-16 19:33:46,383 - fl_ids_core - INFO - Node enterprise_node_001: Local training completed
2025-07-16 19:33:46,775 - fl_ids_core - INFO - Node enterprise_node_002: Local training completed
2025-07-16 19:33:46,937 - fl_ids_core - INFO - Node enterprise_node_003: Local training completed
2025-07-16 19:33:47,154 - fl_ids_core - INFO - Node enterprise_node_004: Local training completed
2025-07-16 19:33:47,304 - fl_ids_core - INFO - Node enterprise_node_005: Local training completed
2025-07-16 19:33:47,311 - fl_ids_core - INFO - Round 15 completed with 5 nodes
2025-07-16 19:33:47,311 - __main__ - INFO - FL Round 15 completed - Accuracy: 0.9383
2025-07-16 19:34:17,320 - fl_ids_core - INFO - Starting federated training round 16
2025-07-16 19:34:17,620 - fl_ids_core - INFO - Node enterprise_node_001: Local training completed
2025-07-16 19:34:18,171 - fl_ids_core - INFO - Node enterprise_node_002: Local training completed
2025-07-16 19:34:18,375 - fl_ids_core - INFO - Node enterprise_node_003: Local training completed
2025-07-16 19:34:18,578 - fl_ids_core - INFO - Node enterprise_node_004: Local training completed
2025-07-16 19:34:18,729 - fl_ids_core - INFO - Node enterprise_node_005: Local training completed
2025-07-16 19:34:18,735 - fl_ids_core - INFO - Round 16 completed with 5 nodes
2025-07-16 19:34:18,740 - __main__ - INFO - FL Round 16 completed - Accuracy: 0.9570
2025-07-16 19:34:48,739 - fl_ids_core - INFO - Starting federated training round 17
2025-07-16 19:34:49,288 - fl_ids_core - INFO - Node enterprise_node_001: Local training completed
2025-07-16 19:34:50,127 - fl_ids_core - INFO - Node enterprise_node_002: Local training completed
2025-07-16 19:34:50,489 - fl_ids_core - INFO - Node enterprise_node_003: Local training completed
2025-07-16 19:34:50,837 - fl_ids_core - INFO - Node enterprise_node_004: Local training completed
2025-07-16 19:34:51,118 - fl_ids_core - INFO - Node enterprise_node_005: Local training completed
2025-07-16 19:34:51,126 - fl_ids_core - INFO - Round 17 completed with 5 nodes
2025-07-16 19:34:51,126 - __main__ - INFO - FL Round 17 completed - Accuracy: 0.9328
2025-07-16 19:34:55,827 - fl_ids_core - INFO - Node enterprise_node_001: Added 2000 training samples
2025-07-16 19:34:55,827 - fl_ids_core - INFO - Registered node enterprise_node_001 with model type random_forest
2025-07-16 19:34:55,837 - fl_ids_core - INFO - Node enterprise_node_002: Added 2000 training samples
2025-07-16 19:34:55,837 - fl_ids_core - INFO - Registered node enterprise_node_002 with model type neural_network
2025-07-16 19:34:55,848 - fl_ids_core - INFO - Node enterprise_node_003: Added 2000 training samples
2025-07-16 19:34:55,848 - fl_ids_core - INFO - Registered node enterprise_node_003 with model type isolation_forest
2025-07-16 19:34:55,859 - fl_ids_core - INFO - Node enterprise_node_004: Added 2000 training samples
2025-07-16 19:34:55,859 - fl_ids_core - INFO - Registered node enterprise_node_004 with model type svm
2025-07-16 19:34:55,881 - fl_ids_core - INFO - Node enterprise_node_005: Added 2000 training samples
2025-07-16 19:34:55,881 - fl_ids_core - INFO - Registered node enterprise_node_005 with model type gradient_boosting
2025-07-16 19:34:55,881 - __main__ - INFO - FL-IDS system initialized successfully
2025-07-16 19:34:55,886 - fl_ids_core - INFO - Starting federated training round 1
2025-07-16 19:34:55,896 - __main__ - INFO - Starting FL-IDS Enterprise Backend on 0.0.0.0:5001
2025-07-16 19:35:21,125 - fl_ids_core - INFO - Starting federated training round 18
2025-07-16 19:35:21,819 - fl_ids_core - INFO - Node enterprise_node_001: Local training completed
2025-07-16 19:35:24,051 - fl_ids_core - INFO - Node enterprise_node_002: Local training completed
2025-07-16 19:35:24,346 - fl_ids_core - INFO - Node enterprise_node_003: Local training completed
2025-07-16 19:35:24,612 - fl_ids_core - INFO - Node enterprise_node_004: Local training completed
2025-07-16 19:35:24,995 - fl_ids_core - INFO - Node enterprise_node_005: Local training completed
2025-07-16 19:35:25,006 - fl_ids_core - INFO - Round 18 completed with 5 nodes
2025-07-16 19:35:25,008 - __main__ - INFO - FL Round 18 completed - Accuracy: 0.9205
2025-07-16 19:35:55,008 - fl_ids_core - INFO - Starting federated training round 19
2025-07-16 19:35:55,697 - fl_ids_core - INFO - Node enterprise_node_001: Local training completed
2025-07-16 19:35:56,575 - fl_ids_core - INFO - Node enterprise_node_002: Local training completed
2025-07-16 19:35:56,909 - fl_ids_core - INFO - Node enterprise_node_003: Local training completed
2025-07-16 19:35:57,281 - fl_ids_core - INFO - Node enterprise_node_004: Local training completed
2025-07-16 19:35:57,542 - fl_ids_core - INFO - Node enterprise_node_005: Local training completed
2025-07-16 19:35:57,555 - fl_ids_core - INFO - Round 19 completed with 5 nodes
2025-07-16 19:35:57,555 - __main__ - INFO - FL Round 19 completed - Accuracy: 0.8962
2025-07-16 19:36:10,262 - fl_ids_core - INFO - Node enterprise_node_001: Added 2000 training samples
2025-07-16 19:36:10,262 - fl_ids_core - INFO - Registered node enterprise_node_001 with model type random_forest
2025-07-16 19:36:10,273 - fl_ids_core - INFO - Node enterprise_node_002: Added 2000 training samples
2025-07-16 19:36:10,273 - fl_ids_core - INFO - Registered node enterprise_node_002 with model type neural_network
2025-07-16 19:36:10,282 - fl_ids_core - INFO - Node enterprise_node_003: Added 2000 training samples
2025-07-16 19:36:10,282 - fl_ids_core - INFO - Registered node enterprise_node_003 with model type isolation_forest
2025-07-16 19:36:10,302 - fl_ids_core - INFO - Node enterprise_node_004: Added 2000 training samples
2025-07-16 19:36:10,307 - fl_ids_core - INFO - Registered node enterprise_node_004 with model type svm
2025-07-16 19:36:10,327 - fl_ids_core - INFO - Node enterprise_node_005: Added 2000 training samples
2025-07-16 19:36:10,327 - fl_ids_core - INFO - Registered node enterprise_node_005 with model type gradient_boosting
2025-07-16 19:36:10,327 - __main__ - INFO - FL-IDS system initialized successfully
2025-07-16 19:36:10,334 - fl_ids_core - INFO - Starting federated training round 1
2025-07-16 19:36:10,334 - __main__ - INFO - Starting FL-IDS Enterprise Backend on 0.0.0.0:5001
2025-07-16 19:36:27,564 - fl_ids_core - INFO - Starting federated training round 20
2025-07-16 19:36:28,121 - fl_ids_core - INFO - Node enterprise_node_001: Local training completed
2025-07-16 19:36:28,674 - fl_ids_core - INFO - Node enterprise_node_002: Local training completed
2025-07-16 19:36:28,864 - fl_ids_core - INFO - Node enterprise_node_003: Local training completed
2025-07-16 19:36:29,056 - fl_ids_core - INFO - Node enterprise_node_004: Local training completed
2025-07-16 19:36:29,360 - fl_ids_core - INFO - Node enterprise_node_005: Local training completed
2025-07-16 19:36:29,368 - fl_ids_core - INFO - Round 20 completed with 5 nodes
2025-07-16 19:36:29,373 - __main__ - INFO - FL Round 20 completed - Accuracy: 0.9315
2025-07-16 19:36:59,371 - fl_ids_core - INFO - Starting federated training round 21
2025-07-16 19:37:00,052 - fl_ids_core - INFO - Node enterprise_node_001: Local training completed
2025-07-16 19:37:00,792 - fl_ids_core - INFO - Node enterprise_node_002: Local training completed
2025-07-16 19:37:01,172 - fl_ids_core - INFO - Node enterprise_node_003: Local training completed
2025-07-16 19:37:01,447 - fl_ids_core - INFO - Node enterprise_node_004: Local training completed
2025-07-16 19:37:01,706 - fl_ids_core - INFO - Node enterprise_node_005: Local training completed
2025-07-16 19:37:01,735 - fl_ids_core - INFO - Round 21 completed with 5 nodes
2025-07-16 19:37:01,735 - __main__ - INFO - FL Round 21 completed - Accuracy: 0.9043
2025-07-16 19:37:31,738 - fl_ids_core - INFO - Starting federated training round 22
2025-07-16 19:37:32,399 - fl_ids_core - INFO - Node enterprise_node_001: Local training completed
2025-07-16 19:37:33,339 - fl_ids_core - INFO - Node enterprise_node_002: Local training completed
2025-07-16 19:37:34,167 - fl_ids_core - INFO - Node enterprise_node_003: Local training completed
2025-07-16 19:37:34,482 - fl_ids_core - INFO - Node enterprise_node_004: Local training completed
2025-07-16 19:37:34,795 - fl_ids_core - INFO - Node enterprise_node_005: Local training completed
2025-07-16 19:37:34,822 - fl_ids_core - INFO - Round 22 completed with 5 nodes
2025-07-16 19:37:34,822 - __main__ - INFO - FL Round 22 completed - Accuracy: 0.9371
2025-07-16 19:38:04,821 - fl_ids_core - INFO - Starting federated training round 23
2025-07-16 19:38:05,651 - fl_ids_core - INFO - Node enterprise_node_001: Local training completed
2025-07-16 19:38:06,588 - fl_ids_core - INFO - Node enterprise_node_002: Local training completed
2025-07-16 19:38:07,100 - fl_ids_core - INFO - Node enterprise_node_003: Local training completed
2025-07-16 19:38:07,396 - fl_ids_core - INFO - Node enterprise_node_004: Local training completed
2025-07-16 19:38:07,757 - fl_ids_core - INFO - Node enterprise_node_005: Local training completed
2025-07-16 19:38:07,770 - fl_ids_core - INFO - Round 23 completed with 5 nodes
2025-07-16 19:38:07,774 - __main__ - INFO - FL Round 23 completed - Accuracy: 0.8835
2025-07-16 19:38:37,791 - fl_ids_core - INFO - Starting federated training round 24
2025-07-16 19:38:38,416 - fl_ids_core - INFO - Node enterprise_node_001: Local training completed
2025-07-16 19:38:39,717 - fl_ids_core - INFO - Node enterprise_node_002: Local training completed
2025-07-16 19:38:40,510 - fl_ids_core - INFO - Node enterprise_node_003: Local training completed
2025-07-16 19:38:40,928 - fl_ids_core - INFO - Node enterprise_node_004: Local training completed
2025-07-16 19:38:41,394 - fl_ids_core - INFO - Node enterprise_node_005: Local training completed
2025-07-16 19:38:41,412 - fl_ids_core - INFO - Round 24 completed with 5 nodes
2025-07-16 19:38:41,416 - __main__ - INFO - FL Round 24 completed - Accuracy: 0.8998
2025-07-16 19:39:11,423 - fl_ids_core - INFO - Starting federated training round 25
2025-07-16 19:39:12,353 - fl_ids_core - INFO - Node enterprise_node_001: Local training completed
2025-07-16 19:39:13,525 - fl_ids_core - INFO - Node enterprise_node_002: Local training completed
2025-07-16 19:39:13,870 - fl_ids_core - INFO - Node enterprise_node_003: Local training completed
2025-07-16 19:39:14,373 - fl_ids_core - INFO - Node enterprise_node_004: Local training completed
2025-07-16 19:39:14,814 - fl_ids_core - INFO - Node enterprise_node_005: Local training completed
2025-07-16 19:39:14,827 - fl_ids_core - INFO - Round 25 completed with 5 nodes
2025-07-16 19:39:14,827 - __main__ - INFO - FL Round 25 completed - Accuracy: 0.9479
2025-07-16 19:39:44,836 - fl_ids_core - INFO - Starting federated training round 26
2025-07-16 19:39:45,154 - fl_ids_core - INFO - Node enterprise_node_001: Local training completed
2025-07-16 19:39:45,602 - fl_ids_core - INFO - Node enterprise_node_002: Local training completed
2025-07-16 19:39:45,772 - fl_ids_core - INFO - Node enterprise_node_003: Local training completed
2025-07-16 19:39:45,977 - fl_ids_core - INFO - Node enterprise_node_004: Local training completed
2025-07-16 19:39:46,120 - fl_ids_core - INFO - Node enterprise_node_005: Local training completed
2025-07-16 19:39:46,125 - fl_ids_core - INFO - Round 26 completed with 5 nodes
2025-07-16 19:39:46,125 - __main__ - INFO - FL Round 26 completed - Accuracy: 0.9408
2025-07-16 19:40:16,124 - fl_ids_core - INFO - Starting federated training round 27
2025-07-16 19:40:16,909 - fl_ids_core - INFO - Node enterprise_node_001: Local training completed
2025-07-16 19:40:17,588 - fl_ids_core - INFO - Node enterprise_node_002: Local training completed
2025-07-16 19:40:17,885 - fl_ids_core - INFO - Node enterprise_node_003: Local training completed
2025-07-16 19:40:18,158 - fl_ids_core - INFO - Node enterprise_node_004: Local training completed
2025-07-16 19:40:18,347 - fl_ids_core - INFO - Node enterprise_node_005: Local training completed
2025-07-16 19:40:18,357 - fl_ids_core - INFO - Round 27 completed with 5 nodes
2025-07-16 19:40:18,362 - __main__ - INFO - FL Round 27 completed - Accuracy: 0.9599
2025-07-16 19:40:48,369 - fl_ids_core - INFO - Starting federated training round 28
2025-07-16 19:40:49,363 - fl_ids_core - INFO - Node enterprise_node_001: Local training completed
2025-07-16 19:40:51,506 - fl_ids_core - INFO - Node enterprise_node_002: Local training completed
2025-07-16 19:40:52,014 - fl_ids_core - INFO - Node enterprise_node_003: Local training completed
2025-07-16 19:40:53,524 - fl_ids_core - INFO - Node enterprise_node_004: Local training completed
2025-07-16 19:40:54,742 - fl_ids_core - INFO - Node enterprise_node_005: Local training completed
2025-07-16 19:40:54,785 - fl_ids_core - INFO - Round 28 completed with 5 nodes
2025-07-16 19:40:54,788 - __main__ - INFO - FL Round 28 completed - Accuracy: 0.8837
2025-07-16 19:41:24,795 - fl_ids_core - INFO - Starting federated training round 29
2025-07-16 19:41:25,320 - fl_ids_core - INFO - Node enterprise_node_001: Local training completed
2025-07-16 19:41:26,033 - fl_ids_core - INFO - Node enterprise_node_002: Local training completed
2025-07-16 19:41:26,327 - fl_ids_core - INFO - Node enterprise_node_003: Local training completed
2025-07-16 19:41:26,801 - fl_ids_core - INFO - Node enterprise_node_004: Local training completed
2025-07-16 19:41:27,007 - fl_ids_core - INFO - Node enterprise_node_005: Local training completed
2025-07-16 19:41:27,017 - fl_ids_core - INFO - Round 29 completed with 5 nodes
2025-07-16 19:41:27,017 - __main__ - INFO - FL Round 29 completed - Accuracy: 0.8868
2025-07-16 19:41:57,022 - fl_ids_core - INFO - Starting federated training round 30
2025-07-16 19:41:57,344 - fl_ids_core - INFO - Node enterprise_node_001: Local training completed
2025-07-16 19:41:57,783 - fl_ids_core - INFO - Node enterprise_node_002: Local training completed
2025-07-16 19:41:57,963 - fl_ids_core - INFO - Node enterprise_node_003: Local training completed
2025-07-16 19:41:59,091 - fl_ids_core - INFO - Node enterprise_node_004: Local training completed
2025-07-16 19:41:59,450 - fl_ids_core - INFO - Node enterprise_node_005: Local training completed
2025-07-16 19:41:59,460 - fl_ids_core - INFO - Round 30 completed with 5 nodes
2025-07-16 19:41:59,460 - __main__ - INFO - FL Round 30 completed - Accuracy: 0.9012
2025-07-16 19:42:29,469 - fl_ids_core - INFO - Starting federated training round 31
2025-07-16 19:42:30,109 - fl_ids_core - INFO - Node enterprise_node_001: Local training completed
2025-07-16 19:42:30,724 - fl_ids_core - INFO - Node enterprise_node_002: Local training completed
2025-07-16 19:42:30,888 - fl_ids_core - INFO - Node enterprise_node_003: Local training completed
2025-07-16 19:42:31,100 - fl_ids_core - INFO - Node enterprise_node_004: Local training completed
2025-07-16 19:42:31,248 - fl_ids_core - INFO - Node enterprise_node_005: Local training completed
2025-07-16 19:42:31,255 - fl_ids_core - INFO - Round 31 completed with 5 nodes
2025-07-16 19:42:31,255 - __main__ - INFO - FL Round 31 completed - Accuracy: 0.9146
