{"duration":0,"level":"info","message":"FL-IDS status fetched","timestamp":"2025-07-14T07:45:23.908Z","userId":"demo-user"}
{"duration":0,"level":"info","message":"FL-IDS status fetched","timestamp":"2025-07-14T07:45:33.955Z","userId":"demo-user"}
{"duration":0,"level":"info","message":"FL-IDS status fetched","timestamp":"2025-07-14T07:45:43.932Z","userId":"demo-user"}
{"duration":0,"level":"info","message":"FL-IDS status fetched","timestamp":"2025-07-14T07:45:53.945Z","userId":"demo-user"}
{"duration":0,"level":"info","message":"FL-IDS status fetched","timestamp":"2025-07-14T07:46:04.062Z","userId":"demo-user"}
{"duration":0,"level":"info","message":"FL-IDS status fetched","timestamp":"2025-07-14T07:46:13.937Z","userId":"demo-user"}
{"duration":0,"level":"info","message":"FL-IDS status fetched","timestamp":"2025-07-14T07:46:21.124Z","userId":"demo-user"}
{"duration":0,"level":"info","message":"FL-IDS status fetched","timestamp":"2025-07-14T07:46:23.960Z","userId":"demo-user"}
{"duration":0,"level":"info","message":"FL-IDS status fetched","timestamp":"2025-07-14T07:46:32.071Z","userId":"demo-user"}
{"duration":0,"level":"info","message":"FL-IDS status fetched","timestamp":"2025-07-14T07:46:33.933Z","userId":"demo-user"}
{"duration":0,"level":"info","message":"FL-IDS status fetched","timestamp":"2025-07-14T07:46:42.072Z","userId":"demo-user"}
{"duration":0,"level":"info","message":"FL-IDS status fetched","timestamp":"2025-07-14T07:46:43.957Z","userId":"demo-user"}
{"duration":0,"level":"info","message":"FL-IDS status fetched","timestamp":"2025-07-14T07:46:52.073Z","userId":"demo-user"}
{"duration":0,"level":"info","message":"FL-IDS status fetched","timestamp":"2025-07-14T07:46:53.930Z","userId":"demo-user"}
{"duration":0,"level":"info","message":"FL-IDS status fetched","timestamp":"2025-07-14T07:47:02.069Z","userId":"demo-user"}
{"duration":0,"level":"info","message":"FL-IDS status fetched","timestamp":"2025-07-14T07:47:03.947Z","userId":"demo-user"}
{"duration":0,"level":"info","message":"FL-IDS status fetched","timestamp":"2025-07-14T07:47:12.071Z","userId":"demo-user"}
{"duration":0,"level":"info","message":"FL-IDS status fetched","timestamp":"2025-07-14T07:47:13.934Z","userId":"demo-user"}
{"duration":0,"level":"info","message":"FL-IDS status fetched","timestamp":"2025-07-14T07:47:22.062Z","userId":"demo-user"}
{"duration":0,"level":"info","message":"FL-IDS status fetched","timestamp":"2025-07-14T07:47:32.070Z","userId":"demo-user"}
{"duration":0,"level":"info","message":"FL-IDS status fetched","timestamp":"2025-07-14T07:47:33.941Z","userId":"demo-user"}
{"duration":0,"level":"info","message":"FL-IDS status fetched","timestamp":"2025-07-14T07:47:42.082Z","userId":"demo-user"}
{"duration":0,"level":"info","message":"FL-IDS status fetched","timestamp":"2025-07-14T07:47:43.935Z","userId":"demo-user"}
{"duration":0,"level":"info","message":"FL-IDS status fetched","timestamp":"2025-07-14T07:47:52.071Z","userId":"demo-user"}
{"duration":0,"level":"info","message":"FL-IDS status fetched","timestamp":"2025-07-14T07:47:53.948Z","userId":"demo-user"}
{"duration":0,"level":"info","message":"FL-IDS status fetched","timestamp":"2025-07-14T07:48:02.069Z","userId":"demo-user"}
{"duration":0,"level":"info","message":"FL-IDS status fetched","timestamp":"2025-07-14T07:48:03.925Z","userId":"demo-user"}
{"duration":0,"level":"info","message":"FL-IDS status fetched","timestamp":"2025-07-14T07:48:12.076Z","userId":"demo-user"}
{"duration":0,"level":"info","message":"FL-IDS status fetched","timestamp":"2025-07-14T07:48:13.928Z","userId":"demo-user"}
{"duration":0,"level":"info","message":"FL-IDS status fetched","timestamp":"2025-07-14T07:48:22.072Z","userId":"demo-user"}
{"duration":0,"level":"info","message":"FL-IDS status fetched","timestamp":"2025-07-14T07:48:23.920Z","userId":"demo-user"}
{"duration":0,"level":"info","message":"FL-IDS status fetched","timestamp":"2025-07-14T07:48:32.074Z","userId":"demo-user"}
{"duration":0,"level":"info","message":"FL-IDS status fetched","timestamp":"2025-07-14T07:48:33.947Z","userId":"demo-user"}
{"duration":0,"level":"info","message":"FL-IDS status fetched","timestamp":"2025-07-14T07:48:42.066Z","userId":"demo-user"}
{"duration":0,"level":"info","message":"FL-IDS status fetched","timestamp":"2025-07-14T07:48:43.920Z","userId":"demo-user"}
{"duration":0,"level":"info","message":"FL-IDS status fetched","timestamp":"2025-07-14T07:48:52.081Z","userId":"demo-user"}
{"duration":0,"level":"info","message":"FL-IDS status fetched","timestamp":"2025-07-14T07:48:53.927Z","userId":"demo-user"}
{"duration":0,"level":"info","message":"FL-IDS status fetched","timestamp":"2025-07-14T07:49:02.053Z","userId":"demo-user"}
{"duration":0,"level":"info","message":"FL-IDS status fetched","timestamp":"2025-07-14T07:49:03.949Z","userId":"demo-user"}
{"duration":0,"level":"info","message":"FL-IDS status fetched","timestamp":"2025-07-14T07:49:12.229Z","userId":"demo-user"}
{"duration":0,"level":"info","message":"FL-IDS status fetched","timestamp":"2025-07-14T07:49:13.933Z","userId":"demo-user"}
{"duration":1,"level":"info","message":"FL-IDS status fetched","timestamp":"2025-07-14T09:17:45.246Z","userId":"demo-user-b6dp9kz8w"}
{"duration":0,"level":"info","message":"FL-IDS status fetched","timestamp":"2025-07-14T09:17:55.265Z","userId":"demo-user-1icuczbqv"}
{"duration":0,"level":"info","message":"FL-IDS status fetched","timestamp":"2025-07-14T09:17:59.264Z","userId":"demo-user-i1hgq0kxd"}
{"duration":0,"level":"info","message":"FL-IDS status fetched","timestamp":"2025-07-14T09:18:05.115Z","userId":"demo-user-3vj3v4fzg"}
{"duration":0,"level":"info","message":"FL-IDS status fetched","timestamp":"2025-07-14T09:33:54.114Z","userId":"demo-user-uvwvkjj5x"}
{"duration":0,"level":"info","message":"FL-IDS status fetched","timestamp":"2025-07-14T09:33:59.144Z","userId":"demo-user-04pufq7s8"}
{"duration":1,"level":"info","message":"FL-IDS status fetched","timestamp":"2025-07-14T09:34:25.714Z","userId":"demo-user-b8tbbkp09"}
{"duration":0,"level":"info","message":"FL-IDS status fetched","timestamp":"2025-07-14T09:36:06.907Z","userId":"demo-user-zd7f6tyri"}
{"duration":0,"level":"info","message":"FL-IDS status fetched","timestamp":"2025-07-14T09:36:17.977Z","userId":"demo-user-lkgtdz3i8"}
{"duration":0,"level":"info","message":"FL-IDS status fetched","timestamp":"2025-07-14T09:36:28.050Z","userId":"demo-user-ui5kc3hph"}
{"duration":0,"level":"info","message":"FL-IDS status fetched","timestamp":"2025-07-14T09:36:37.048Z","userId":"demo-user-x2d372wxq"}
{"duration":1,"level":"info","message":"FL-IDS status fetched","timestamp":"2025-07-14T09:36:47.061Z","userId":"demo-user-ytvmthcmw"}
{"duration":0,"level":"info","message":"FL-IDS status fetched","timestamp":"2025-07-14T09:36:57.048Z","userId":"demo-user-ocz51tju5"}
{"duration":0,"level":"info","message":"FL-IDS status fetched","timestamp":"2025-07-14T09:37:17.225Z","userId":"demo-user-l02cu4s1f"}
{"duration":0,"level":"info","message":"FL-IDS status fetched","timestamp":"2025-07-14T09:37:29.331Z","userId":"demo-user-5go4a6xul"}
{"duration":0,"level":"info","message":"FL-IDS status fetched","timestamp":"2025-07-14T09:37:35.723Z","userId":"demo-user-4bi870oxp"}
{"duration":1,"level":"info","message":"FL-IDS status fetched","timestamp":"2025-07-14T09:38:14.139Z","userId":"demo-user-juqlhw6tx"}
{"duration":0,"level":"info","message":"FL-IDS status fetched","timestamp":"2025-07-14T09:38:23.947Z","userId":"demo-user-vbx6g0yag"}
{"duration":0,"level":"info","message":"FL-IDS status fetched","timestamp":"2025-07-14T09:38:33.936Z","userId":"demo-user-lxtthao19"}
{"duration":0,"level":"info","message":"FL-IDS status fetched","timestamp":"2025-07-14T09:38:34.444Z","userId":"demo-user-pqtuj58wv"}
{"duration":0,"level":"info","message":"FL-IDS status fetched","timestamp":"2025-07-14T09:38:43.934Z","userId":"demo-user-ohairutne"}
{"duration":0,"level":"info","message":"FL-IDS status fetched","timestamp":"2025-07-14T09:38:53.931Z","userId":"demo-user-bbqefbu9d"}
{"duration":0,"level":"info","message":"FL-IDS status fetched","timestamp":"2025-07-14T09:39:03.929Z","userId":"demo-user-skqihit9o"}
{"duration":0,"level":"info","message":"FL-IDS status fetched","timestamp":"2025-07-14T09:39:13.926Z","userId":"demo-user-icfgbuqjk"}
{"duration":0,"level":"info","message":"FL-IDS status fetched","timestamp":"2025-07-14T09:39:25.152Z","userId":"demo-user-i6h8a5djc"}
